SEVERE	?	main	2016-10-16T13:57:03.816Z	org.javacs.Main$4#onError	Can't find configuration file for d:\Java2\作業\hw20161010\mvc\views\View.java
org.javacs.NoJavaConfigException: Can't find configuration file for d:\Java2\作業\hw20161010\mvc\views\View.java
	at org.javacs.JavaLanguageServer.lambda$findCompiler$21(JavaLanguageServer.java:479)
	at java.util.Optional.orElseThrow(Optional.java:290)
	at org.javacs.JavaLanguageServer.findCompiler(JavaLanguageServer.java:479)
	at org.javacs.JavaLanguageServer.autocomplete(JavaLanguageServer.java:1057)
	at org.javacs.JavaLanguageServer$1.completion(JavaLanguageServer.java:108)
	at io.typefox.lsapi.services.transport.server.LanguageServerEndpoint._doAccept(LanguageServerEndpoint.xtend:126)
	at io.typefox.lsapi.services.transport.server.LanguageServerEndpoint.doAccept(LanguageServerEndpoint.xtend:117)
	at io.typefox.lsapi.services.transport.server.LanguageServerEndpoint.accept(LanguageServerEndpoint.xtend:114)
	at io.typefox.lsapi.services.transport.server.LanguageServerEndpoint.accept(LanguageServerEndpoint.xtend)
	at io.typefox.lsapi.services.transport.AbstractLanguageEndpoint.handleMessage(LanguageEndpoint.xtend:67)
	at io.typefox.lsapi.services.transport.AbstractLanguageEndpoint.lambda$connect$4(LanguageEndpoint.xtend:61)
	at io.typefox.lsapi.services.json.StreamMessageReader$1.apply(StreamMessageReader.java:46)
	at io.typefox.lsapi.services.json.StreamMessageReader$1.apply(StreamMessageReader.java:44)
	at io.typefox.lsapi.services.json.StreamMessageReader.handleMessage(StreamMessageReader.xtend:128)
	at io.typefox.lsapi.services.json.StreamMessageReader.listen(StreamMessageReader.xtend:61)
	at io.typefox.lsapi.services.transport.AbstractLanguageEndpoint.connect(LanguageEndpoint.xtend:60)
	at org.javacs.Main.run(Main.java:150)
	at org.javacs.Main.main(Main.java:69)

INFO	?	main	2016-10-16T13:57:46.695Z	org.javacs.JavaLanguageServer#doLint	Lint [d:\Java2\作業\hw20161010\Main.java, d:\Java2\作業\hw20161010\mvc\controllers\Controller.java, d:\Java2\作業\hw20161010\mvc\views\View.java, d:\Java2\作業\hw20161010\mvc\models\Model.java]
SEVERE	?	main	2016-10-16T13:59:07.782Z	org.javacs.Main$4#onError	Can't find configuration file for d:\Java2\作業\hw20161010\mvc\views\View.java
org.javacs.NoJavaConfigException: Can't find configuration file for d:\Java2\作業\hw20161010\mvc\views\View.java
	at org.javacs.JavaLanguageServer.lambda$findCompiler$21(JavaLanguageServer.java:479)
	at java.util.Optional.orElseThrow(Optional.java:290)
	at org.javacs.JavaLanguageServer.findCompiler(JavaLanguageServer.java:479)
	at org.javacs.JavaLanguageServer.findTree(JavaLanguageServer.java:809)
	at org.javacs.JavaLanguageServer.lambda$doHover$34(JavaLanguageServer.java:983)
	at java.util.Optional.ifPresent(Optional.java:159)
	at org.javacs.JavaLanguageServer.doHover(JavaLanguageServer.java:982)
	at org.javacs.JavaLanguageServer.access$000(JavaLanguageServer.java:31)
	at org.javacs.JavaLanguageServer$1.hover(JavaLanguageServer.java:118)
	at io.typefox.lsapi.services.transport.server.LanguageServerEndpoint._doAccept(LanguageServerEndpoint.xtend:130)
	at io.typefox.lsapi.services.transport.server.LanguageServerEndpoint.doAccept(LanguageServerEndpoint.xtend:117)
	at io.typefox.lsapi.services.transport.server.LanguageServerEndpoint.accept(LanguageServerEndpoint.xtend:114)
	at io.typefox.lsapi.services.transport.server.LanguageServerEndpoint.accept(LanguageServerEndpoint.xtend)
	at io.typefox.lsapi.services.transport.AbstractLanguageEndpoint.handleMessage(LanguageEndpoint.xtend:67)
	at io.typefox.lsapi.services.transport.AbstractLanguageEndpoint.lambda$connect$4(LanguageEndpoint.xtend:61)
	at io.typefox.lsapi.services.json.StreamMessageReader$1.apply(StreamMessageReader.java:46)
	at io.typefox.lsapi.services.json.StreamMessageReader$1.apply(StreamMessageReader.java:44)
	at io.typefox.lsapi.services.json.StreamMessageReader.handleMessage(StreamMessageReader.xtend:128)
	at io.typefox.lsapi.services.json.StreamMessageReader.listen(StreamMessageReader.xtend:61)
	at io.typefox.lsapi.services.transport.AbstractLanguageEndpoint.connect(LanguageEndpoint.xtend:60)
	at org.javacs.Main.run(Main.java:150)
	at org.javacs.Main.main(Main.java:69)

SEVERE	?	main	2016-10-16T13:59:08.766Z	org.javacs.Main$4#onError	Can't find configuration file for d:\Java2\作業\hw20161010\mvc\views\View.java
org.javacs.NoJavaConfigException: Can't find configuration file for d:\Java2\作業\hw20161010\mvc\views\View.java
	at org.javacs.JavaLanguageServer.lambda$findCompiler$21(JavaLanguageServer.java:479)
	at java.util.Optional.orElseThrow(Optional.java:290)
	at org.javacs.JavaLanguageServer.findCompiler(JavaLanguageServer.java:479)
	at org.javacs.JavaLanguageServer.findTree(JavaLanguageServer.java:809)
	at org.javacs.JavaLanguageServer.lambda$doHover$34(JavaLanguageServer.java:983)
	at java.util.Optional.ifPresent(Optional.java:159)
	at org.javacs.JavaLanguageServer.doHover(JavaLanguageServer.java:982)
	at org.javacs.JavaLanguageServer.access$000(JavaLanguageServer.java:31)
	at org.javacs.JavaLanguageServer$1.hover(JavaLanguageServer.java:118)
	at io.typefox.lsapi.services.transport.server.LanguageServerEndpoint._doAccept(LanguageServerEndpoint.xtend:130)
	at io.typefox.lsapi.services.transport.server.LanguageServerEndpoint.doAccept(LanguageServerEndpoint.xtend:117)
	at io.typefox.lsapi.services.transport.server.LanguageServerEndpoint.accept(LanguageServerEndpoint.xtend:114)
	at io.typefox.lsapi.services.transport.server.LanguageServerEndpoint.accept(LanguageServerEndpoint.xtend)
	at io.typefox.lsapi.services.transport.AbstractLanguageEndpoint.handleMessage(LanguageEndpoint.xtend:67)
	at io.typefox.lsapi.services.transport.AbstractLanguageEndpoint.lambda$connect$4(LanguageEndpoint.xtend:61)
	at io.typefox.lsapi.services.json.StreamMessageReader$1.apply(StreamMessageReader.java:46)
	at io.typefox.lsapi.services.json.StreamMessageReader$1.apply(StreamMessageReader.java:44)
	at io.typefox.lsapi.services.json.StreamMessageReader.handleMessage(StreamMessageReader.xtend:128)
	at io.typefox.lsapi.services.json.StreamMessageReader.listen(StreamMessageReader.xtend:61)
	at io.typefox.lsapi.services.transport.AbstractLanguageEndpoint.connect(LanguageEndpoint.xtend:60)
	at org.javacs.Main.run(Main.java:150)
	at org.javacs.Main.main(Main.java:69)

SEVERE	?	main	2016-10-16T13:59:09.422Z	org.javacs.Main$4#onError	Can't find configuration file for d:\Java2\作業\hw20161010\mvc\views\View.java
org.javacs.NoJavaConfigException: Can't find configuration file for d:\Java2\作業\hw20161010\mvc\views\View.java
	at org.javacs.JavaLanguageServer.lambda$findCompiler$21(JavaLanguageServer.java:479)
	at java.util.Optional.orElseThrow(Optional.java:290)
	at org.javacs.JavaLanguageServer.findCompiler(JavaLanguageServer.java:479)
	at org.javacs.JavaLanguageServer.findTree(JavaLanguageServer.java:809)
	at org.javacs.JavaLanguageServer.lambda$doHover$34(JavaLanguageServer.java:983)
	at java.util.Optional.ifPresent(Optional.java:159)
	at org.javacs.JavaLanguageServer.doHover(JavaLanguageServer.java:982)
	at org.javacs.JavaLanguageServer.access$000(JavaLanguageServer.java:31)
	at org.javacs.JavaLanguageServer$1.hover(JavaLanguageServer.java:118)
	at io.typefox.lsapi.services.transport.server.LanguageServerEndpoint._doAccept(LanguageServerEndpoint.xtend:130)
	at io.typefox.lsapi.services.transport.server.LanguageServerEndpoint.doAccept(LanguageServerEndpoint.xtend:117)
	at io.typefox.lsapi.services.transport.server.LanguageServerEndpoint.accept(LanguageServerEndpoint.xtend:114)
	at io.typefox.lsapi.services.transport.server.LanguageServerEndpoint.accept(LanguageServerEndpoint.xtend)
	at io.typefox.lsapi.services.transport.AbstractLanguageEndpoint.handleMessage(LanguageEndpoint.xtend:67)
	at io.typefox.lsapi.services.transport.AbstractLanguageEndpoint.lambda$connect$4(LanguageEndpoint.xtend:61)
	at io.typefox.lsapi.services.json.StreamMessageReader$1.apply(StreamMessageReader.java:46)
	at io.typefox.lsapi.services.json.StreamMessageReader$1.apply(StreamMessageReader.java:44)
	at io.typefox.lsapi.services.json.StreamMessageReader.handleMessage(StreamMessageReader.xtend:128)
	at io.typefox.lsapi.services.json.StreamMessageReader.listen(StreamMessageReader.xtend:61)
	at io.typefox.lsapi.services.transport.AbstractLanguageEndpoint.connect(LanguageEndpoint.xtend:60)
	at org.javacs.Main.run(Main.java:150)
	at org.javacs.Main.main(Main.java:69)

SEVERE	?	main	2016-10-16T13:59:11.307Z	org.javacs.Main$4#onError	Can't find configuration file for d:\Java2\作業\hw20161010\mvc\views\View.java
org.javacs.NoJavaConfigException: Can't find configuration file for d:\Java2\作業\hw20161010\mvc\views\View.java
	at org.javacs.JavaLanguageServer.lambda$findCompiler$21(JavaLanguageServer.java:479)
	at java.util.Optional.orElseThrow(Optional.java:290)
	at org.javacs.JavaLanguageServer.findCompiler(JavaLanguageServer.java:479)
	at org.javacs.JavaLanguageServer.findTree(JavaLanguageServer.java:809)
	at org.javacs.JavaLanguageServer.lambda$doHover$34(JavaLanguageServer.java:983)
	at java.util.Optional.ifPresent(Optional.java:159)
	at org.javacs.JavaLanguageServer.doHover(JavaLanguageServer.java:982)
	at org.javacs.JavaLanguageServer.access$000(JavaLanguageServer.java:31)
	at org.javacs.JavaLanguageServer$1.hover(JavaLanguageServer.java:118)
	at io.typefox.lsapi.services.transport.server.LanguageServerEndpoint._doAccept(LanguageServerEndpoint.xtend:130)
	at io.typefox.lsapi.services.transport.server.LanguageServerEndpoint.doAccept(LanguageServerEndpoint.xtend:117)
	at io.typefox.lsapi.services.transport.server.LanguageServerEndpoint.accept(LanguageServerEndpoint.xtend:114)
	at io.typefox.lsapi.services.transport.server.LanguageServerEndpoint.accept(LanguageServerEndpoint.xtend)
	at io.typefox.lsapi.services.transport.AbstractLanguageEndpoint.handleMessage(LanguageEndpoint.xtend:67)
	at io.typefox.lsapi.services.transport.AbstractLanguageEndpoint.lambda$connect$4(LanguageEndpoint.xtend:61)
	at io.typefox.lsapi.services.json.StreamMessageReader$1.apply(StreamMessageReader.java:46)
	at io.typefox.lsapi.services.json.StreamMessageReader$1.apply(StreamMessageReader.java:44)
	at io.typefox.lsapi.services.json.StreamMessageReader.handleMessage(StreamMessageReader.xtend:128)
	at io.typefox.lsapi.services.json.StreamMessageReader.listen(StreamMessageReader.xtend:61)
	at io.typefox.lsapi.services.transport.AbstractLanguageEndpoint.connect(LanguageEndpoint.xtend:60)
	at org.javacs.Main.run(Main.java:150)
	at org.javacs.Main.main(Main.java:69)

SEVERE	?	main	2016-10-16T13:59:12.466Z	org.javacs.Main$4#onError	Can't find configuration file for d:\Java2\作業\hw20161010\mvc\views\View.java
org.javacs.NoJavaConfigException: Can't find configuration file for d:\Java2\作業\hw20161010\mvc\views\View.java
	at org.javacs.JavaLanguageServer.lambda$findCompiler$21(JavaLanguageServer.java:479)
	at java.util.Optional.orElseThrow(Optional.java:290)
	at org.javacs.JavaLanguageServer.findCompiler(JavaLanguageServer.java:479)
	at org.javacs.JavaLanguageServer.findTree(JavaLanguageServer.java:809)
	at org.javacs.JavaLanguageServer.lambda$doHover$34(JavaLanguageServer.java:983)
	at java.util.Optional.ifPresent(Optional.java:159)
	at org.javacs.JavaLanguageServer.doHover(JavaLanguageServer.java:982)
	at org.javacs.JavaLanguageServer.access$000(JavaLanguageServer.java:31)
	at org.javacs.JavaLanguageServer$1.hover(JavaLanguageServer.java:118)
	at io.typefox.lsapi.services.transport.server.LanguageServerEndpoint._doAccept(LanguageServerEndpoint.xtend:130)
	at io.typefox.lsapi.services.transport.server.LanguageServerEndpoint.doAccept(LanguageServerEndpoint.xtend:117)
	at io.typefox.lsapi.services.transport.server.LanguageServerEndpoint.accept(LanguageServerEndpoint.xtend:114)
	at io.typefox.lsapi.services.transport.server.LanguageServerEndpoint.accept(LanguageServerEndpoint.xtend)
	at io.typefox.lsapi.services.transport.AbstractLanguageEndpoint.handleMessage(LanguageEndpoint.xtend:67)
	at io.typefox.lsapi.services.transport.AbstractLanguageEndpoint.lambda$connect$4(LanguageEndpoint.xtend:61)
	at io.typefox.lsapi.services.json.StreamMessageReader$1.apply(StreamMessageReader.java:46)
	at io.typefox.lsapi.services.json.StreamMessageReader$1.apply(StreamMessageReader.java:44)
	at io.typefox.lsapi.services.json.StreamMessageReader.handleMessage(StreamMessageReader.xtend:128)
	at io.typefox.lsapi.services.json.StreamMessageReader.listen(StreamMessageReader.xtend:61)
	at io.typefox.lsapi.services.transport.AbstractLanguageEndpoint.connect(LanguageEndpoint.xtend:60)
	at org.javacs.Main.run(Main.java:150)
	at org.javacs.Main.main(Main.java:69)

INFO	?	main	2016-10-16T13:59:14.685Z	org.javacs.JavaLanguageServer#doLint	Lint [d:\Java2\作業\hw20161010\Main.java, d:\Java2\作業\hw20161010\mvc\controllers\Controller.java, d:\Java2\作業\hw20161010\mvc\views\View.java, d:\Java2\作業\hw20161010\mvc\models\Model.java]
SEVERE	?	main	2016-10-16T13:59:22.225Z	org.javacs.Main$4#onError	Can't find configuration file for d:\Java2\作業\hw20161010\mvc\views\View.java
org.javacs.NoJavaConfigException: Can't find configuration file for d:\Java2\作業\hw20161010\mvc\views\View.java
	at org.javacs.JavaLanguageServer.lambda$findCompiler$21(JavaLanguageServer.java:479)
	at java.util.Optional.orElseThrow(Optional.java:290)
	at org.javacs.JavaLanguageServer.findCompiler(JavaLanguageServer.java:479)
	at org.javacs.JavaLanguageServer.findTree(JavaLanguageServer.java:809)
	at org.javacs.JavaLanguageServer.lambda$doHover$34(JavaLanguageServer.java:983)
	at java.util.Optional.ifPresent(Optional.java:159)
	at org.javacs.JavaLanguageServer.doHover(JavaLanguageServer.java:982)
	at org.javacs.JavaLanguageServer.access$000(JavaLanguageServer.java:31)
	at org.javacs.JavaLanguageServer$1.hover(JavaLanguageServer.java:118)
	at io.typefox.lsapi.services.transport.server.LanguageServerEndpoint._doAccept(LanguageServerEndpoint.xtend:130)
	at io.typefox.lsapi.services.transport.server.LanguageServerEndpoint.doAccept(LanguageServerEndpoint.xtend:117)
	at io.typefox.lsapi.services.transport.server.LanguageServerEndpoint.accept(LanguageServerEndpoint.xtend:114)
	at io.typefox.lsapi.services.transport.server.LanguageServerEndpoint.accept(LanguageServerEndpoint.xtend)
	at io.typefox.lsapi.services.transport.AbstractLanguageEndpoint.handleMessage(LanguageEndpoint.xtend:67)
	at io.typefox.lsapi.services.transport.AbstractLanguageEndpoint.lambda$connect$4(LanguageEndpoint.xtend:61)
	at io.typefox.lsapi.services.json.StreamMessageReader$1.apply(StreamMessageReader.java:46)
	at io.typefox.lsapi.services.json.StreamMessageReader$1.apply(StreamMessageReader.java:44)
	at io.typefox.lsapi.services.json.StreamMessageReader.handleMessage(StreamMessageReader.xtend:128)
	at io.typefox.lsapi.services.json.StreamMessageReader.listen(StreamMessageReader.xtend:61)
	at io.typefox.lsapi.services.transport.AbstractLanguageEndpoint.connect(LanguageEndpoint.xtend:60)
	at org.javacs.Main.run(Main.java:150)
	at org.javacs.Main.main(Main.java:69)

SEVERE	?	main	2016-10-16T13:59:26.288Z	org.javacs.Main$4#onError	Can't find configuration file for d:\Java2\作業\hw20161010\mvc\views\View.java
org.javacs.NoJavaConfigException: Can't find configuration file for d:\Java2\作業\hw20161010\mvc\views\View.java
	at org.javacs.JavaLanguageServer.lambda$findCompiler$21(JavaLanguageServer.java:479)
	at java.util.Optional.orElseThrow(Optional.java:290)
	at org.javacs.JavaLanguageServer.findCompiler(JavaLanguageServer.java:479)
	at org.javacs.JavaLanguageServer.findTree(JavaLanguageServer.java:809)
	at org.javacs.JavaLanguageServer.lambda$doHover$34(JavaLanguageServer.java:983)
	at java.util.Optional.ifPresent(Optional.java:159)
	at org.javacs.JavaLanguageServer.doHover(JavaLanguageServer.java:982)
	at org.javacs.JavaLanguageServer.access$000(JavaLanguageServer.java:31)
	at org.javacs.JavaLanguageServer$1.hover(JavaLanguageServer.java:118)
	at io.typefox.lsapi.services.transport.server.LanguageServerEndpoint._doAccept(LanguageServerEndpoint.xtend:130)
	at io.typefox.lsapi.services.transport.server.LanguageServerEndpoint.doAccept(LanguageServerEndpoint.xtend:117)
	at io.typefox.lsapi.services.transport.server.LanguageServerEndpoint.accept(LanguageServerEndpoint.xtend:114)
	at io.typefox.lsapi.services.transport.server.LanguageServerEndpoint.accept(LanguageServerEndpoint.xtend)
	at io.typefox.lsapi.services.transport.AbstractLanguageEndpoint.handleMessage(LanguageEndpoint.xtend:67)
	at io.typefox.lsapi.services.transport.AbstractLanguageEndpoint.lambda$connect$4(LanguageEndpoint.xtend:61)
	at io.typefox.lsapi.services.json.StreamMessageReader$1.apply(StreamMessageReader.java:46)
	at io.typefox.lsapi.services.json.StreamMessageReader$1.apply(StreamMessageReader.java:44)
	at io.typefox.lsapi.services.json.StreamMessageReader.handleMessage(StreamMessageReader.xtend:128)
	at io.typefox.lsapi.services.json.StreamMessageReader.listen(StreamMessageReader.xtend:61)
	at io.typefox.lsapi.services.transport.AbstractLanguageEndpoint.connect(LanguageEndpoint.xtend:60)
	at org.javacs.Main.run(Main.java:150)
	at org.javacs.Main.main(Main.java:69)

SEVERE	?	main	2016-10-16T13:59:33.776Z	org.javacs.Main$4#onError	Can't find configuration file for d:\Java2\作業\hw20161010\mvc\views\View.java
org.javacs.NoJavaConfigException: Can't find configuration file for d:\Java2\作業\hw20161010\mvc\views\View.java
	at org.javacs.JavaLanguageServer.lambda$findCompiler$21(JavaLanguageServer.java:479)
	at java.util.Optional.orElseThrow(Optional.java:290)
	at org.javacs.JavaLanguageServer.findCompiler(JavaLanguageServer.java:479)
	at org.javacs.JavaLanguageServer.autocomplete(JavaLanguageServer.java:1057)
	at org.javacs.JavaLanguageServer$1.completion(JavaLanguageServer.java:108)
	at io.typefox.lsapi.services.transport.server.LanguageServerEndpoint._doAccept(LanguageServerEndpoint.xtend:126)
	at io.typefox.lsapi.services.transport.server.LanguageServerEndpoint.doAccept(LanguageServerEndpoint.xtend:117)
	at io.typefox.lsapi.services.transport.server.LanguageServerEndpoint.accept(LanguageServerEndpoint.xtend:114)
	at io.typefox.lsapi.services.transport.server.LanguageServerEndpoint.accept(LanguageServerEndpoint.xtend)
	at io.typefox.lsapi.services.transport.AbstractLanguageEndpoint.handleMessage(LanguageEndpoint.xtend:67)
	at io.typefox.lsapi.services.transport.AbstractLanguageEndpoint.lambda$connect$4(LanguageEndpoint.xtend:61)
	at io.typefox.lsapi.services.json.StreamMessageReader$1.apply(StreamMessageReader.java:46)
	at io.typefox.lsapi.services.json.StreamMessageReader$1.apply(StreamMessageReader.java:44)
	at io.typefox.lsapi.services.json.StreamMessageReader.handleMessage(StreamMessageReader.xtend:128)
	at io.typefox.lsapi.services.json.StreamMessageReader.listen(StreamMessageReader.xtend:61)
	at io.typefox.lsapi.services.transport.AbstractLanguageEndpoint.connect(LanguageEndpoint.xtend:60)
	at org.javacs.Main.run(Main.java:150)
	at org.javacs.Main.main(Main.java:69)

SEVERE	?	main	2016-10-16T13:59:35.980Z	org.javacs.Main$4#onError	Can't find configuration file for d:\Java2\作業\hw20161010\mvc\views\View.java
org.javacs.NoJavaConfigException: Can't find configuration file for d:\Java2\作業\hw20161010\mvc\views\View.java
	at org.javacs.JavaLanguageServer.lambda$findCompiler$21(JavaLanguageServer.java:479)
	at java.util.Optional.orElseThrow(Optional.java:290)
	at org.javacs.JavaLanguageServer.findCompiler(JavaLanguageServer.java:479)
	at org.javacs.JavaLanguageServer.autocomplete(JavaLanguageServer.java:1057)
	at org.javacs.JavaLanguageServer$1.completion(JavaLanguageServer.java:108)
	at io.typefox.lsapi.services.transport.server.LanguageServerEndpoint._doAccept(LanguageServerEndpoint.xtend:126)
	at io.typefox.lsapi.services.transport.server.LanguageServerEndpoint.doAccept(LanguageServerEndpoint.xtend:117)
	at io.typefox.lsapi.services.transport.server.LanguageServerEndpoint.accept(LanguageServerEndpoint.xtend:114)
	at io.typefox.lsapi.services.transport.server.LanguageServerEndpoint.accept(LanguageServerEndpoint.xtend)
	at io.typefox.lsapi.services.transport.AbstractLanguageEndpoint.handleMessage(LanguageEndpoint.xtend:67)
	at io.typefox.lsapi.services.transport.AbstractLanguageEndpoint.lambda$connect$4(LanguageEndpoint.xtend:61)
	at io.typefox.lsapi.services.json.StreamMessageReader$1.apply(StreamMessageReader.java:46)
	at io.typefox.lsapi.services.json.StreamMessageReader$1.apply(StreamMessageReader.java:44)
	at io.typefox.lsapi.services.json.StreamMessageReader.handleMessage(StreamMessageReader.xtend:128)
	at io.typefox.lsapi.services.json.StreamMessageReader.listen(StreamMessageReader.xtend:61)
	at io.typefox.lsapi.services.transport.AbstractLanguageEndpoint.connect(LanguageEndpoint.xtend:60)
	at org.javacs.Main.run(Main.java:150)
	at org.javacs.Main.main(Main.java:69)

SEVERE	?	main	2016-10-16T13:59:36.342Z	org.javacs.Main$4#onError	Can't find configuration file for d:\Java2\作業\hw20161010\mvc\views\View.java
org.javacs.NoJavaConfigException: Can't find configuration file for d:\Java2\作業\hw20161010\mvc\views\View.java
	at org.javacs.JavaLanguageServer.lambda$findCompiler$21(JavaLanguageServer.java:479)
	at java.util.Optional.orElseThrow(Optional.java:290)
	at org.javacs.JavaLanguageServer.findCompiler(JavaLanguageServer.java:479)
	at org.javacs.JavaLanguageServer.autocomplete(JavaLanguageServer.java:1057)
	at org.javacs.JavaLanguageServer$1.completion(JavaLanguageServer.java:108)
	at io.typefox.lsapi.services.transport.server.LanguageServerEndpoint._doAccept(LanguageServerEndpoint.xtend:126)
	at io.typefox.lsapi.services.transport.server.LanguageServerEndpoint.doAccept(LanguageServerEndpoint.xtend:117)
	at io.typefox.lsapi.services.transport.server.LanguageServerEndpoint.accept(LanguageServerEndpoint.xtend:114)
	at io.typefox.lsapi.services.transport.server.LanguageServerEndpoint.accept(LanguageServerEndpoint.xtend)
	at io.typefox.lsapi.services.transport.AbstractLanguageEndpoint.handleMessage(LanguageEndpoint.xtend:67)
	at io.typefox.lsapi.services.transport.AbstractLanguageEndpoint.lambda$connect$4(LanguageEndpoint.xtend:61)
	at io.typefox.lsapi.services.json.StreamMessageReader$1.apply(StreamMessageReader.java:46)
	at io.typefox.lsapi.services.json.StreamMessageReader$1.apply(StreamMessageReader.java:44)
	at io.typefox.lsapi.services.json.StreamMessageReader.handleMessage(StreamMessageReader.xtend:128)
	at io.typefox.lsapi.services.json.StreamMessageReader.listen(StreamMessageReader.xtend:61)
	at io.typefox.lsapi.services.transport.AbstractLanguageEndpoint.connect(LanguageEndpoint.xtend:60)
	at org.javacs.Main.run(Main.java:150)
	at org.javacs.Main.main(Main.java:69)

SEVERE	?	main	2016-10-16T13:59:41.145Z	org.javacs.Main$4#onError	Can't find configuration file for d:\Java2\作業\hw20161010\mvc\views\View.java
org.javacs.NoJavaConfigException: Can't find configuration file for d:\Java2\作業\hw20161010\mvc\views\View.java
	at org.javacs.JavaLanguageServer.lambda$findCompiler$21(JavaLanguageServer.java:479)
	at java.util.Optional.orElseThrow(Optional.java:290)
	at org.javacs.JavaLanguageServer.findCompiler(JavaLanguageServer.java:479)
	at org.javacs.JavaLanguageServer.autocomplete(JavaLanguageServer.java:1057)
	at org.javacs.JavaLanguageServer$1.completion(JavaLanguageServer.java:108)
	at io.typefox.lsapi.services.transport.server.LanguageServerEndpoint._doAccept(LanguageServerEndpoint.xtend:126)
	at io.typefox.lsapi.services.transport.server.LanguageServerEndpoint.doAccept(LanguageServerEndpoint.xtend:117)
	at io.typefox.lsapi.services.transport.server.LanguageServerEndpoint.accept(LanguageServerEndpoint.xtend:114)
	at io.typefox.lsapi.services.transport.server.LanguageServerEndpoint.accept(LanguageServerEndpoint.xtend)
	at io.typefox.lsapi.services.transport.AbstractLanguageEndpoint.handleMessage(LanguageEndpoint.xtend:67)
	at io.typefox.lsapi.services.transport.AbstractLanguageEndpoint.lambda$connect$4(LanguageEndpoint.xtend:61)
	at io.typefox.lsapi.services.json.StreamMessageReader$1.apply(StreamMessageReader.java:46)
	at io.typefox.lsapi.services.json.StreamMessageReader$1.apply(StreamMessageReader.java:44)
	at io.typefox.lsapi.services.json.StreamMessageReader.handleMessage(StreamMessageReader.xtend:128)
	at io.typefox.lsapi.services.json.StreamMessageReader.listen(StreamMessageReader.xtend:61)
	at io.typefox.lsapi.services.transport.AbstractLanguageEndpoint.connect(LanguageEndpoint.xtend:60)
	at org.javacs.Main.run(Main.java:150)
	at org.javacs.Main.main(Main.java:69)

INFO	?	main	2016-10-16T13:59:42.909Z	org.javacs.JavaLanguageServer#doLint	Lint [d:\Java2\作業\hw20161010\Main.java, d:\Java2\作業\hw20161010\mvc\controllers\Controller.java, d:\Java2\作業\hw20161010\mvc\views\View.java, d:\Java2\作業\hw20161010\mvc\models\Model.java]
SEVERE	?	main	2016-10-16T13:59:44.345Z	org.javacs.Main$4#onError	Can't find configuration file for d:\Java2\作業\hw20161010\mvc\views\View.java
org.javacs.NoJavaConfigException: Can't find configuration file for d:\Java2\作業\hw20161010\mvc\views\View.java
	at org.javacs.JavaLanguageServer.lambda$findCompiler$21(JavaLanguageServer.java:479)
	at java.util.Optional.orElseThrow(Optional.java:290)
	at org.javacs.JavaLanguageServer.findCompiler(JavaLanguageServer.java:479)
	at org.javacs.JavaLanguageServer.findTree(JavaLanguageServer.java:809)
	at org.javacs.JavaLanguageServer.lambda$doHover$34(JavaLanguageServer.java:983)
	at java.util.Optional.ifPresent(Optional.java:159)
	at org.javacs.JavaLanguageServer.doHover(JavaLanguageServer.java:982)
	at org.javacs.JavaLanguageServer.access$000(JavaLanguageServer.java:31)
	at org.javacs.JavaLanguageServer$1.hover(JavaLanguageServer.java:118)
	at io.typefox.lsapi.services.transport.server.LanguageServerEndpoint._doAccept(LanguageServerEndpoint.xtend:130)
	at io.typefox.lsapi.services.transport.server.LanguageServerEndpoint.doAccept(LanguageServerEndpoint.xtend:117)
	at io.typefox.lsapi.services.transport.server.LanguageServerEndpoint.accept(LanguageServerEndpoint.xtend:114)
	at io.typefox.lsapi.services.transport.server.LanguageServerEndpoint.accept(LanguageServerEndpoint.xtend)
	at io.typefox.lsapi.services.transport.AbstractLanguageEndpoint.handleMessage(LanguageEndpoint.xtend:67)
	at io.typefox.lsapi.services.transport.AbstractLanguageEndpoint.lambda$connect$4(LanguageEndpoint.xtend:61)
	at io.typefox.lsapi.services.json.StreamMessageReader$1.apply(StreamMessageReader.java:46)
	at io.typefox.lsapi.services.json.StreamMessageReader$1.apply(StreamMessageReader.java:44)
	at io.typefox.lsapi.services.json.StreamMessageReader.handleMessage(StreamMessageReader.xtend:128)
	at io.typefox.lsapi.services.json.StreamMessageReader.listen(StreamMessageReader.xtend:61)
	at io.typefox.lsapi.services.transport.AbstractLanguageEndpoint.connect(LanguageEndpoint.xtend:60)
	at org.javacs.Main.run(Main.java:150)
	at org.javacs.Main.main(Main.java:69)

SEVERE	?	main	2016-10-16T14:00:03.572Z	org.javacs.Main$4#onError	Can't find configuration file for d:\Java2\作業\hw20161010\mvc\views\View.java
org.javacs.NoJavaConfigException: Can't find configuration file for d:\Java2\作業\hw20161010\mvc\views\View.java
	at org.javacs.JavaLanguageServer.lambda$findCompiler$21(JavaLanguageServer.java:479)
	at java.util.Optional.orElseThrow(Optional.java:290)
	at org.javacs.JavaLanguageServer.findCompiler(JavaLanguageServer.java:479)
	at org.javacs.JavaLanguageServer.findTree(JavaLanguageServer.java:809)
	at org.javacs.JavaLanguageServer.lambda$doHover$34(JavaLanguageServer.java:983)
	at java.util.Optional.ifPresent(Optional.java:159)
	at org.javacs.JavaLanguageServer.doHover(JavaLanguageServer.java:982)
	at org.javacs.JavaLanguageServer.access$000(JavaLanguageServer.java:31)
	at org.javacs.JavaLanguageServer$1.hover(JavaLanguageServer.java:118)
	at io.typefox.lsapi.services.transport.server.LanguageServerEndpoint._doAccept(LanguageServerEndpoint.xtend:130)
	at io.typefox.lsapi.services.transport.server.LanguageServerEndpoint.doAccept(LanguageServerEndpoint.xtend:117)
	at io.typefox.lsapi.services.transport.server.LanguageServerEndpoint.accept(LanguageServerEndpoint.xtend:114)
	at io.typefox.lsapi.services.transport.server.LanguageServerEndpoint.accept(LanguageServerEndpoint.xtend)
	at io.typefox.lsapi.services.transport.AbstractLanguageEndpoint.handleMessage(LanguageEndpoint.xtend:67)
	at io.typefox.lsapi.services.transport.AbstractLanguageEndpoint.lambda$connect$4(LanguageEndpoint.xtend:61)
	at io.typefox.lsapi.services.json.StreamMessageReader$1.apply(StreamMessageReader.java:46)
	at io.typefox.lsapi.services.json.StreamMessageReader$1.apply(StreamMessageReader.java:44)
	at io.typefox.lsapi.services.json.StreamMessageReader.handleMessage(StreamMessageReader.xtend:128)
	at io.typefox.lsapi.services.json.StreamMessageReader.listen(StreamMessageReader.xtend:61)
	at io.typefox.lsapi.services.transport.AbstractLanguageEndpoint.connect(LanguageEndpoint.xtend:60)
	at org.javacs.Main.run(Main.java:150)
	at org.javacs.Main.main(Main.java:69)

SEVERE	?	main	2016-10-16T14:00:16.426Z	org.javacs.Main$4#onError	Can't find configuration file for d:\Java2\作業\hw20161010\mvc\views\View.java
org.javacs.NoJavaConfigException: Can't find configuration file for d:\Java2\作業\hw20161010\mvc\views\View.java
	at org.javacs.JavaLanguageServer.lambda$findCompiler$21(JavaLanguageServer.java:479)
	at java.util.Optional.orElseThrow(Optional.java:290)
	at org.javacs.JavaLanguageServer.findCompiler(JavaLanguageServer.java:479)
	at org.javacs.JavaLanguageServer.findTree(JavaLanguageServer.java:809)
	at org.javacs.JavaLanguageServer.lambda$doHover$34(JavaLanguageServer.java:983)
	at java.util.Optional.ifPresent(Optional.java:159)
	at org.javacs.JavaLanguageServer.doHover(JavaLanguageServer.java:982)
	at org.javacs.JavaLanguageServer.access$000(JavaLanguageServer.java:31)
	at org.javacs.JavaLanguageServer$1.hover(JavaLanguageServer.java:118)
	at io.typefox.lsapi.services.transport.server.LanguageServerEndpoint._doAccept(LanguageServerEndpoint.xtend:130)
	at io.typefox.lsapi.services.transport.server.LanguageServerEndpoint.doAccept(LanguageServerEndpoint.xtend:117)
	at io.typefox.lsapi.services.transport.server.LanguageServerEndpoint.accept(LanguageServerEndpoint.xtend:114)
	at io.typefox.lsapi.services.transport.server.LanguageServerEndpoint.accept(LanguageServerEndpoint.xtend)
	at io.typefox.lsapi.services.transport.AbstractLanguageEndpoint.handleMessage(LanguageEndpoint.xtend:67)
	at io.typefox.lsapi.services.transport.AbstractLanguageEndpoint.lambda$connect$4(LanguageEndpoint.xtend:61)
	at io.typefox.lsapi.services.json.StreamMessageReader$1.apply(StreamMessageReader.java:46)
	at io.typefox.lsapi.services.json.StreamMessageReader$1.apply(StreamMessageReader.java:44)
	at io.typefox.lsapi.services.json.StreamMessageReader.handleMessage(StreamMessageReader.xtend:128)
	at io.typefox.lsapi.services.json.StreamMessageReader.listen(StreamMessageReader.xtend:61)
	at io.typefox.lsapi.services.transport.AbstractLanguageEndpoint.connect(LanguageEndpoint.xtend:60)
	at org.javacs.Main.run(Main.java:150)
	at org.javacs.Main.main(Main.java:69)

SEVERE	?	main	2016-10-16T14:00:19.152Z	org.javacs.Main$4#onError	Can't find configuration file for d:\Java2\作業\hw20161010\mvc\views\View.java
org.javacs.NoJavaConfigException: Can't find configuration file for d:\Java2\作業\hw20161010\mvc\views\View.java
	at org.javacs.JavaLanguageServer.lambda$findCompiler$21(JavaLanguageServer.java:479)
	at java.util.Optional.orElseThrow(Optional.java:290)
	at org.javacs.JavaLanguageServer.findCompiler(JavaLanguageServer.java:479)
	at org.javacs.JavaLanguageServer.autocomplete(JavaLanguageServer.java:1057)
	at org.javacs.JavaLanguageServer$1.completion(JavaLanguageServer.java:108)
	at io.typefox.lsapi.services.transport.server.LanguageServerEndpoint._doAccept(LanguageServerEndpoint.xtend:126)
	at io.typefox.lsapi.services.transport.server.LanguageServerEndpoint.doAccept(LanguageServerEndpoint.xtend:117)
	at io.typefox.lsapi.services.transport.server.LanguageServerEndpoint.accept(LanguageServerEndpoint.xtend:114)
	at io.typefox.lsapi.services.transport.server.LanguageServerEndpoint.accept(LanguageServerEndpoint.xtend)
	at io.typefox.lsapi.services.transport.AbstractLanguageEndpoint.handleMessage(LanguageEndpoint.xtend:67)
	at io.typefox.lsapi.services.transport.AbstractLanguageEndpoint.lambda$connect$4(LanguageEndpoint.xtend:61)
	at io.typefox.lsapi.services.json.StreamMessageReader$1.apply(StreamMessageReader.java:46)
	at io.typefox.lsapi.services.json.StreamMessageReader$1.apply(StreamMessageReader.java:44)
	at io.typefox.lsapi.services.json.StreamMessageReader.handleMessage(StreamMessageReader.xtend:128)
	at io.typefox.lsapi.services.json.StreamMessageReader.listen(StreamMessageReader.xtend:61)
	at io.typefox.lsapi.services.transport.AbstractLanguageEndpoint.connect(LanguageEndpoint.xtend:60)
	at org.javacs.Main.run(Main.java:150)
	at org.javacs.Main.main(Main.java:69)

SEVERE	?	main	2016-10-16T14:00:24.350Z	org.javacs.Main$4#onError	Can't find configuration file for d:\Java2\作業\hw20161010\mvc\views\View.java
org.javacs.NoJavaConfigException: Can't find configuration file for d:\Java2\作業\hw20161010\mvc\views\View.java
	at org.javacs.JavaLanguageServer.lambda$findCompiler$21(JavaLanguageServer.java:479)
	at java.util.Optional.orElseThrow(Optional.java:290)
	at org.javacs.JavaLanguageServer.findCompiler(JavaLanguageServer.java:479)
	at org.javacs.JavaLanguageServer.autocomplete(JavaLanguageServer.java:1057)
	at org.javacs.JavaLanguageServer$1.completion(JavaLanguageServer.java:108)
	at io.typefox.lsapi.services.transport.server.LanguageServerEndpoint._doAccept(LanguageServerEndpoint.xtend:126)
	at io.typefox.lsapi.services.transport.server.LanguageServerEndpoint.doAccept(LanguageServerEndpoint.xtend:117)
	at io.typefox.lsapi.services.transport.server.LanguageServerEndpoint.accept(LanguageServerEndpoint.xtend:114)
	at io.typefox.lsapi.services.transport.server.LanguageServerEndpoint.accept(LanguageServerEndpoint.xtend)
	at io.typefox.lsapi.services.transport.AbstractLanguageEndpoint.handleMessage(LanguageEndpoint.xtend:67)
	at io.typefox.lsapi.services.transport.AbstractLanguageEndpoint.lambda$connect$4(LanguageEndpoint.xtend:61)
	at io.typefox.lsapi.services.json.StreamMessageReader$1.apply(StreamMessageReader.java:46)
	at io.typefox.lsapi.services.json.StreamMessageReader$1.apply(StreamMessageReader.java:44)
	at io.typefox.lsapi.services.json.StreamMessageReader.handleMessage(StreamMessageReader.xtend:128)
	at io.typefox.lsapi.services.json.StreamMessageReader.listen(StreamMessageReader.xtend:61)
	at io.typefox.lsapi.services.transport.AbstractLanguageEndpoint.connect(LanguageEndpoint.xtend:60)
	at org.javacs.Main.run(Main.java:150)
	at org.javacs.Main.main(Main.java:69)

SEVERE	?	main	2016-10-16T14:00:27.162Z	org.javacs.Main$4#onError	Can't find configuration file for d:\Java2\作業\hw20161010\mvc\views\View.java
org.javacs.NoJavaConfigException: Can't find configuration file for d:\Java2\作業\hw20161010\mvc\views\View.java
	at org.javacs.JavaLanguageServer.lambda$findCompiler$21(JavaLanguageServer.java:479)
	at java.util.Optional.orElseThrow(Optional.java:290)
	at org.javacs.JavaLanguageServer.findCompiler(JavaLanguageServer.java:479)
	at org.javacs.JavaLanguageServer.findTree(JavaLanguageServer.java:809)
	at org.javacs.JavaLanguageServer.lambda$doHover$34(JavaLanguageServer.java:983)
	at java.util.Optional.ifPresent(Optional.java:159)
	at org.javacs.JavaLanguageServer.doHover(JavaLanguageServer.java:982)
	at org.javacs.JavaLanguageServer.access$000(JavaLanguageServer.java:31)
	at org.javacs.JavaLanguageServer$1.hover(JavaLanguageServer.java:118)
	at io.typefox.lsapi.services.transport.server.LanguageServerEndpoint._doAccept(LanguageServerEndpoint.xtend:130)
	at io.typefox.lsapi.services.transport.server.LanguageServerEndpoint.doAccept(LanguageServerEndpoint.xtend:117)
	at io.typefox.lsapi.services.transport.server.LanguageServerEndpoint.accept(LanguageServerEndpoint.xtend:114)
	at io.typefox.lsapi.services.transport.server.LanguageServerEndpoint.accept(LanguageServerEndpoint.xtend)
	at io.typefox.lsapi.services.transport.AbstractLanguageEndpoint.handleMessage(LanguageEndpoint.xtend:67)
	at io.typefox.lsapi.services.transport.AbstractLanguageEndpoint.lambda$connect$4(LanguageEndpoint.xtend:61)
	at io.typefox.lsapi.services.json.StreamMessageReader$1.apply(StreamMessageReader.java:46)
	at io.typefox.lsapi.services.json.StreamMessageReader$1.apply(StreamMessageReader.java:44)
	at io.typefox.lsapi.services.json.StreamMessageReader.handleMessage(StreamMessageReader.xtend:128)
	at io.typefox.lsapi.services.json.StreamMessageReader.listen(StreamMessageReader.xtend:61)
	at io.typefox.lsapi.services.transport.AbstractLanguageEndpoint.connect(LanguageEndpoint.xtend:60)
	at org.javacs.Main.run(Main.java:150)
	at org.javacs.Main.main(Main.java:69)

SEVERE	?	main	2016-10-16T14:00:27.462Z	org.javacs.Main$4#onError	Can't find configuration file for d:\Java2\作業\hw20161010\mvc\views\View.java
org.javacs.NoJavaConfigException: Can't find configuration file for d:\Java2\作業\hw20161010\mvc\views\View.java
	at org.javacs.JavaLanguageServer.lambda$findCompiler$21(JavaLanguageServer.java:479)
	at java.util.Optional.orElseThrow(Optional.java:290)
	at org.javacs.JavaLanguageServer.findCompiler(JavaLanguageServer.java:479)
	at org.javacs.JavaLanguageServer.findTree(JavaLanguageServer.java:809)
	at org.javacs.JavaLanguageServer.lambda$doHover$34(JavaLanguageServer.java:983)
	at java.util.Optional.ifPresent(Optional.java:159)
	at org.javacs.JavaLanguageServer.doHover(JavaLanguageServer.java:982)
	at org.javacs.JavaLanguageServer.access$000(JavaLanguageServer.java:31)
	at org.javacs.JavaLanguageServer$1.hover(JavaLanguageServer.java:118)
	at io.typefox.lsapi.services.transport.server.LanguageServerEndpoint._doAccept(LanguageServerEndpoint.xtend:130)
	at io.typefox.lsapi.services.transport.server.LanguageServerEndpoint.doAccept(LanguageServerEndpoint.xtend:117)
	at io.typefox.lsapi.services.transport.server.LanguageServerEndpoint.accept(LanguageServerEndpoint.xtend:114)
	at io.typefox.lsapi.services.transport.server.LanguageServerEndpoint.accept(LanguageServerEndpoint.xtend)
	at io.typefox.lsapi.services.transport.AbstractLanguageEndpoint.handleMessage(LanguageEndpoint.xtend:67)
	at io.typefox.lsapi.services.transport.AbstractLanguageEndpoint.lambda$connect$4(LanguageEndpoint.xtend:61)
	at io.typefox.lsapi.services.json.StreamMessageReader$1.apply(StreamMessageReader.java:46)
	at io.typefox.lsapi.services.json.StreamMessageReader$1.apply(StreamMessageReader.java:44)
	at io.typefox.lsapi.services.json.StreamMessageReader.handleMessage(StreamMessageReader.xtend:128)
	at io.typefox.lsapi.services.json.StreamMessageReader.listen(StreamMessageReader.xtend:61)
	at io.typefox.lsapi.services.transport.AbstractLanguageEndpoint.connect(LanguageEndpoint.xtend:60)
	at org.javacs.Main.run(Main.java:150)
	at org.javacs.Main.main(Main.java:69)

SEVERE	?	main	2016-10-16T14:00:30.090Z	org.javacs.Main$4#onError	Can't find configuration file for d:\Java2\作業\hw20161010\mvc\views\View.java
org.javacs.NoJavaConfigException: Can't find configuration file for d:\Java2\作業\hw20161010\mvc\views\View.java
	at org.javacs.JavaLanguageServer.lambda$findCompiler$21(JavaLanguageServer.java:479)
	at java.util.Optional.orElseThrow(Optional.java:290)
	at org.javacs.JavaLanguageServer.findCompiler(JavaLanguageServer.java:479)
	at org.javacs.JavaLanguageServer.findTree(JavaLanguageServer.java:809)
	at org.javacs.JavaLanguageServer.lambda$doHover$34(JavaLanguageServer.java:983)
	at java.util.Optional.ifPresent(Optional.java:159)
	at org.javacs.JavaLanguageServer.doHover(JavaLanguageServer.java:982)
	at org.javacs.JavaLanguageServer.access$000(JavaLanguageServer.java:31)
	at org.javacs.JavaLanguageServer$1.hover(JavaLanguageServer.java:118)
	at io.typefox.lsapi.services.transport.server.LanguageServerEndpoint._doAccept(LanguageServerEndpoint.xtend:130)
	at io.typefox.lsapi.services.transport.server.LanguageServerEndpoint.doAccept(LanguageServerEndpoint.xtend:117)
	at io.typefox.lsapi.services.transport.server.LanguageServerEndpoint.accept(LanguageServerEndpoint.xtend:114)
	at io.typefox.lsapi.services.transport.server.LanguageServerEndpoint.accept(LanguageServerEndpoint.xtend)
	at io.typefox.lsapi.services.transport.AbstractLanguageEndpoint.handleMessage(LanguageEndpoint.xtend:67)
	at io.typefox.lsapi.services.transport.AbstractLanguageEndpoint.lambda$connect$4(LanguageEndpoint.xtend:61)
	at io.typefox.lsapi.services.json.StreamMessageReader$1.apply(StreamMessageReader.java:46)
	at io.typefox.lsapi.services.json.StreamMessageReader$1.apply(StreamMessageReader.java:44)
	at io.typefox.lsapi.services.json.StreamMessageReader.handleMessage(StreamMessageReader.xtend:128)
	at io.typefox.lsapi.services.json.StreamMessageReader.listen(StreamMessageReader.xtend:61)
	at io.typefox.lsapi.services.transport.AbstractLanguageEndpoint.connect(LanguageEndpoint.xtend:60)
	at org.javacs.Main.run(Main.java:150)
	at org.javacs.Main.main(Main.java:69)

SEVERE	?	main	2016-10-16T14:00:30.330Z	org.javacs.Main$4#onError	Can't find configuration file for d:\Java2\作業\hw20161010\mvc\views\View.java
org.javacs.NoJavaConfigException: Can't find configuration file for d:\Java2\作業\hw20161010\mvc\views\View.java
	at org.javacs.JavaLanguageServer.lambda$findCompiler$21(JavaLanguageServer.java:479)
	at java.util.Optional.orElseThrow(Optional.java:290)
	at org.javacs.JavaLanguageServer.findCompiler(JavaLanguageServer.java:479)
	at org.javacs.JavaLanguageServer.autocomplete(JavaLanguageServer.java:1057)
	at org.javacs.JavaLanguageServer$1.completion(JavaLanguageServer.java:108)
	at io.typefox.lsapi.services.transport.server.LanguageServerEndpoint._doAccept(LanguageServerEndpoint.xtend:126)
	at io.typefox.lsapi.services.transport.server.LanguageServerEndpoint.doAccept(LanguageServerEndpoint.xtend:117)
	at io.typefox.lsapi.services.transport.server.LanguageServerEndpoint.accept(LanguageServerEndpoint.xtend:114)
	at io.typefox.lsapi.services.transport.server.LanguageServerEndpoint.accept(LanguageServerEndpoint.xtend)
	at io.typefox.lsapi.services.transport.AbstractLanguageEndpoint.handleMessage(LanguageEndpoint.xtend:67)
	at io.typefox.lsapi.services.transport.AbstractLanguageEndpoint.lambda$connect$4(LanguageEndpoint.xtend:61)
	at io.typefox.lsapi.services.json.StreamMessageReader$1.apply(StreamMessageReader.java:46)
	at io.typefox.lsapi.services.json.StreamMessageReader$1.apply(StreamMessageReader.java:44)
	at io.typefox.lsapi.services.json.StreamMessageReader.handleMessage(StreamMessageReader.xtend:128)
	at io.typefox.lsapi.services.json.StreamMessageReader.listen(StreamMessageReader.xtend:61)
	at io.typefox.lsapi.services.transport.AbstractLanguageEndpoint.connect(LanguageEndpoint.xtend:60)
	at org.javacs.Main.run(Main.java:150)
	at org.javacs.Main.main(Main.java:69)

SEVERE	?	main	2016-10-16T14:00:33.152Z	org.javacs.Main$4#onError	Can't find configuration file for d:\Java2\作業\hw20161010\mvc\views\View.java
org.javacs.NoJavaConfigException: Can't find configuration file for d:\Java2\作業\hw20161010\mvc\views\View.java
	at org.javacs.JavaLanguageServer.lambda$findCompiler$21(JavaLanguageServer.java:479)
	at java.util.Optional.orElseThrow(Optional.java:290)
	at org.javacs.JavaLanguageServer.findCompiler(JavaLanguageServer.java:479)
	at org.javacs.JavaLanguageServer.autocomplete(JavaLanguageServer.java:1057)
	at org.javacs.JavaLanguageServer$1.completion(JavaLanguageServer.java:108)
	at io.typefox.lsapi.services.transport.server.LanguageServerEndpoint._doAccept(LanguageServerEndpoint.xtend:126)
	at io.typefox.lsapi.services.transport.server.LanguageServerEndpoint.doAccept(LanguageServerEndpoint.xtend:117)
	at io.typefox.lsapi.services.transport.server.LanguageServerEndpoint.accept(LanguageServerEndpoint.xtend:114)
	at io.typefox.lsapi.services.transport.server.LanguageServerEndpoint.accept(LanguageServerEndpoint.xtend)
	at io.typefox.lsapi.services.transport.AbstractLanguageEndpoint.handleMessage(LanguageEndpoint.xtend:67)
	at io.typefox.lsapi.services.transport.AbstractLanguageEndpoint.lambda$connect$4(LanguageEndpoint.xtend:61)
	at io.typefox.lsapi.services.json.StreamMessageReader$1.apply(StreamMessageReader.java:46)
	at io.typefox.lsapi.services.json.StreamMessageReader$1.apply(StreamMessageReader.java:44)
	at io.typefox.lsapi.services.json.StreamMessageReader.handleMessage(StreamMessageReader.xtend:128)
	at io.typefox.lsapi.services.json.StreamMessageReader.listen(StreamMessageReader.xtend:61)
	at io.typefox.lsapi.services.transport.AbstractLanguageEndpoint.connect(LanguageEndpoint.xtend:60)
	at org.javacs.Main.run(Main.java:150)
	at org.javacs.Main.main(Main.java:69)

INFO	?	main	2016-10-16T14:00:35.210Z	org.javacs.JavaLanguageServer#doLint	Lint [d:\Java2\作業\hw20161010\Main.java, d:\Java2\作業\hw20161010\mvc\controllers\Controller.java, d:\Java2\作業\hw20161010\mvc\views\View.java, d:\Java2\作業\hw20161010\mvc\models\Model.java]
SEVERE	?	main	2016-10-16T14:00:36.625Z	org.javacs.Main$4#onError	Can't find configuration file for d:\Java2\作業\hw20161010\mvc\views\View.java
org.javacs.NoJavaConfigException: Can't find configuration file for d:\Java2\作業\hw20161010\mvc\views\View.java
	at org.javacs.JavaLanguageServer.lambda$findCompiler$21(JavaLanguageServer.java:479)
	at java.util.Optional.orElseThrow(Optional.java:290)
	at org.javacs.JavaLanguageServer.findCompiler(JavaLanguageServer.java:479)
	at org.javacs.JavaLanguageServer.findTree(JavaLanguageServer.java:809)
	at org.javacs.JavaLanguageServer.lambda$doHover$34(JavaLanguageServer.java:983)
	at java.util.Optional.ifPresent(Optional.java:159)
	at org.javacs.JavaLanguageServer.doHover(JavaLanguageServer.java:982)
	at org.javacs.JavaLanguageServer.access$000(JavaLanguageServer.java:31)
	at org.javacs.JavaLanguageServer$1.hover(JavaLanguageServer.java:118)
	at io.typefox.lsapi.services.transport.server.LanguageServerEndpoint._doAccept(LanguageServerEndpoint.xtend:130)
	at io.typefox.lsapi.services.transport.server.LanguageServerEndpoint.doAccept(LanguageServerEndpoint.xtend:117)
	at io.typefox.lsapi.services.transport.server.LanguageServerEndpoint.accept(LanguageServerEndpoint.xtend:114)
	at io.typefox.lsapi.services.transport.server.LanguageServerEndpoint.accept(LanguageServerEndpoint.xtend)
	at io.typefox.lsapi.services.transport.AbstractLanguageEndpoint.handleMessage(LanguageEndpoint.xtend:67)
	at io.typefox.lsapi.services.transport.AbstractLanguageEndpoint.lambda$connect$4(LanguageEndpoint.xtend:61)
	at io.typefox.lsapi.services.json.StreamMessageReader$1.apply(StreamMessageReader.java:46)
	at io.typefox.lsapi.services.json.StreamMessageReader$1.apply(StreamMessageReader.java:44)
	at io.typefox.lsapi.services.json.StreamMessageReader.handleMessage(StreamMessageReader.xtend:128)
	at io.typefox.lsapi.services.json.StreamMessageReader.listen(StreamMessageReader.xtend:61)
	at io.typefox.lsapi.services.transport.AbstractLanguageEndpoint.connect(LanguageEndpoint.xtend:60)
	at org.javacs.Main.run(Main.java:150)
	at org.javacs.Main.main(Main.java:69)

SEVERE	?	main	2016-10-16T14:01:23.958Z	org.javacs.Main$4#onError	Can't find configuration file for d:\Java2\作業\hw20161010\mvc\views\View.java
org.javacs.NoJavaConfigException: Can't find configuration file for d:\Java2\作業\hw20161010\mvc\views\View.java
	at org.javacs.JavaLanguageServer.lambda$findCompiler$21(JavaLanguageServer.java:479)
	at java.util.Optional.orElseThrow(Optional.java:290)
	at org.javacs.JavaLanguageServer.findCompiler(JavaLanguageServer.java:479)
	at org.javacs.JavaLanguageServer.findTree(JavaLanguageServer.java:809)
	at org.javacs.JavaLanguageServer.lambda$doHover$34(JavaLanguageServer.java:983)
	at java.util.Optional.ifPresent(Optional.java:159)
	at org.javacs.JavaLanguageServer.doHover(JavaLanguageServer.java:982)
	at org.javacs.JavaLanguageServer.access$000(JavaLanguageServer.java:31)
	at org.javacs.JavaLanguageServer$1.hover(JavaLanguageServer.java:118)
	at io.typefox.lsapi.services.transport.server.LanguageServerEndpoint._doAccept(LanguageServerEndpoint.xtend:130)
	at io.typefox.lsapi.services.transport.server.LanguageServerEndpoint.doAccept(LanguageServerEndpoint.xtend:117)
	at io.typefox.lsapi.services.transport.server.LanguageServerEndpoint.accept(LanguageServerEndpoint.xtend:114)
	at io.typefox.lsapi.services.transport.server.LanguageServerEndpoint.accept(LanguageServerEndpoint.xtend)
	at io.typefox.lsapi.services.transport.AbstractLanguageEndpoint.handleMessage(LanguageEndpoint.xtend:67)
	at io.typefox.lsapi.services.transport.AbstractLanguageEndpoint.lambda$connect$4(LanguageEndpoint.xtend:61)
	at io.typefox.lsapi.services.json.StreamMessageReader$1.apply(StreamMessageReader.java:46)
	at io.typefox.lsapi.services.json.StreamMessageReader$1.apply(StreamMessageReader.java:44)
	at io.typefox.lsapi.services.json.StreamMessageReader.handleMessage(StreamMessageReader.xtend:128)
	at io.typefox.lsapi.services.json.StreamMessageReader.listen(StreamMessageReader.xtend:61)
	at io.typefox.lsapi.services.transport.AbstractLanguageEndpoint.connect(LanguageEndpoint.xtend:60)
	at org.javacs.Main.run(Main.java:150)
	at org.javacs.Main.main(Main.java:69)

SEVERE	?	main	2016-10-16T14:01:25.040Z	org.javacs.Main$4#onError	Can't find configuration file for d:\Java2\作業\hw20161010\mvc\views\View.java
org.javacs.NoJavaConfigException: Can't find configuration file for d:\Java2\作業\hw20161010\mvc\views\View.java
	at org.javacs.JavaLanguageServer.lambda$findCompiler$21(JavaLanguageServer.java:479)
	at java.util.Optional.orElseThrow(Optional.java:290)
	at org.javacs.JavaLanguageServer.findCompiler(JavaLanguageServer.java:479)
	at org.javacs.JavaLanguageServer.findTree(JavaLanguageServer.java:809)
	at org.javacs.JavaLanguageServer.lambda$doHover$34(JavaLanguageServer.java:983)
	at java.util.Optional.ifPresent(Optional.java:159)
	at org.javacs.JavaLanguageServer.doHover(JavaLanguageServer.java:982)
	at org.javacs.JavaLanguageServer.access$000(JavaLanguageServer.java:31)
	at org.javacs.JavaLanguageServer$1.hover(JavaLanguageServer.java:118)
	at io.typefox.lsapi.services.transport.server.LanguageServerEndpoint._doAccept(LanguageServerEndpoint.xtend:130)
	at io.typefox.lsapi.services.transport.server.LanguageServerEndpoint.doAccept(LanguageServerEndpoint.xtend:117)
	at io.typefox.lsapi.services.transport.server.LanguageServerEndpoint.accept(LanguageServerEndpoint.xtend:114)
	at io.typefox.lsapi.services.transport.server.LanguageServerEndpoint.accept(LanguageServerEndpoint.xtend)
	at io.typefox.lsapi.services.transport.AbstractLanguageEndpoint.handleMessage(LanguageEndpoint.xtend:67)
	at io.typefox.lsapi.services.transport.AbstractLanguageEndpoint.lambda$connect$4(LanguageEndpoint.xtend:61)
	at io.typefox.lsapi.services.json.StreamMessageReader$1.apply(StreamMessageReader.java:46)
	at io.typefox.lsapi.services.json.StreamMessageReader$1.apply(StreamMessageReader.java:44)
	at io.typefox.lsapi.services.json.StreamMessageReader.handleMessage(StreamMessageReader.xtend:128)
	at io.typefox.lsapi.services.json.StreamMessageReader.listen(StreamMessageReader.xtend:61)
	at io.typefox.lsapi.services.transport.AbstractLanguageEndpoint.connect(LanguageEndpoint.xtend:60)
	at org.javacs.Main.run(Main.java:150)
	at org.javacs.Main.main(Main.java:69)

SEVERE	?	main	2016-10-16T14:01:26.482Z	org.javacs.Main$4#onError	Can't find configuration file for d:\Java2\作業\hw20161010\mvc\views\View.java
org.javacs.NoJavaConfigException: Can't find configuration file for d:\Java2\作業\hw20161010\mvc\views\View.java
	at org.javacs.JavaLanguageServer.lambda$findCompiler$21(JavaLanguageServer.java:479)
	at java.util.Optional.orElseThrow(Optional.java:290)
	at org.javacs.JavaLanguageServer.findCompiler(JavaLanguageServer.java:479)
	at org.javacs.JavaLanguageServer.findTree(JavaLanguageServer.java:809)
	at org.javacs.JavaLanguageServer.lambda$doHover$34(JavaLanguageServer.java:983)
	at java.util.Optional.ifPresent(Optional.java:159)
	at org.javacs.JavaLanguageServer.doHover(JavaLanguageServer.java:982)
	at org.javacs.JavaLanguageServer.access$000(JavaLanguageServer.java:31)
	at org.javacs.JavaLanguageServer$1.hover(JavaLanguageServer.java:118)
	at io.typefox.lsapi.services.transport.server.LanguageServerEndpoint._doAccept(LanguageServerEndpoint.xtend:130)
	at io.typefox.lsapi.services.transport.server.LanguageServerEndpoint.doAccept(LanguageServerEndpoint.xtend:117)
	at io.typefox.lsapi.services.transport.server.LanguageServerEndpoint.accept(LanguageServerEndpoint.xtend:114)
	at io.typefox.lsapi.services.transport.server.LanguageServerEndpoint.accept(LanguageServerEndpoint.xtend)
	at io.typefox.lsapi.services.transport.AbstractLanguageEndpoint.handleMessage(LanguageEndpoint.xtend:67)
	at io.typefox.lsapi.services.transport.AbstractLanguageEndpoint.lambda$connect$4(LanguageEndpoint.xtend:61)
	at io.typefox.lsapi.services.json.StreamMessageReader$1.apply(StreamMessageReader.java:46)
	at io.typefox.lsapi.services.json.StreamMessageReader$1.apply(StreamMessageReader.java:44)
	at io.typefox.lsapi.services.json.StreamMessageReader.handleMessage(StreamMessageReader.xtend:128)
	at io.typefox.lsapi.services.json.StreamMessageReader.listen(StreamMessageReader.xtend:61)
	at io.typefox.lsapi.services.transport.AbstractLanguageEndpoint.connect(LanguageEndpoint.xtend:60)
	at org.javacs.Main.run(Main.java:150)
	at org.javacs.Main.main(Main.java:69)

SEVERE	?	main	2016-10-16T14:01:27.596Z	org.javacs.Main$4#onError	Can't find configuration file for d:\Java2\作業\hw20161010\mvc\views\View.java
org.javacs.NoJavaConfigException: Can't find configuration file for d:\Java2\作業\hw20161010\mvc\views\View.java
	at org.javacs.JavaLanguageServer.lambda$findCompiler$21(JavaLanguageServer.java:479)
	at java.util.Optional.orElseThrow(Optional.java:290)
	at org.javacs.JavaLanguageServer.findCompiler(JavaLanguageServer.java:479)
	at org.javacs.JavaLanguageServer.findTree(JavaLanguageServer.java:809)
	at org.javacs.JavaLanguageServer.lambda$doHover$34(JavaLanguageServer.java:983)
	at java.util.Optional.ifPresent(Optional.java:159)
	at org.javacs.JavaLanguageServer.doHover(JavaLanguageServer.java:982)
	at org.javacs.JavaLanguageServer.access$000(JavaLanguageServer.java:31)
	at org.javacs.JavaLanguageServer$1.hover(JavaLanguageServer.java:118)
	at io.typefox.lsapi.services.transport.server.LanguageServerEndpoint._doAccept(LanguageServerEndpoint.xtend:130)
	at io.typefox.lsapi.services.transport.server.LanguageServerEndpoint.doAccept(LanguageServerEndpoint.xtend:117)
	at io.typefox.lsapi.services.transport.server.LanguageServerEndpoint.accept(LanguageServerEndpoint.xtend:114)
	at io.typefox.lsapi.services.transport.server.LanguageServerEndpoint.accept(LanguageServerEndpoint.xtend)
	at io.typefox.lsapi.services.transport.AbstractLanguageEndpoint.handleMessage(LanguageEndpoint.xtend:67)
	at io.typefox.lsapi.services.transport.AbstractLanguageEndpoint.lambda$connect$4(LanguageEndpoint.xtend:61)
	at io.typefox.lsapi.services.json.StreamMessageReader$1.apply(StreamMessageReader.java:46)
	at io.typefox.lsapi.services.json.StreamMessageReader$1.apply(StreamMessageReader.java:44)
	at io.typefox.lsapi.services.json.StreamMessageReader.handleMessage(StreamMessageReader.xtend:128)
	at io.typefox.lsapi.services.json.StreamMessageReader.listen(StreamMessageReader.xtend:61)
	at io.typefox.lsapi.services.transport.AbstractLanguageEndpoint.connect(LanguageEndpoint.xtend:60)
	at org.javacs.Main.run(Main.java:150)
	at org.javacs.Main.main(Main.java:69)

SEVERE	?	main	2016-10-16T14:01:29.718Z	org.javacs.Main$4#onError	Can't find configuration file for d:\Java2\作業\hw20161010\mvc\views\View.java
org.javacs.NoJavaConfigException: Can't find configuration file for d:\Java2\作業\hw20161010\mvc\views\View.java
	at org.javacs.JavaLanguageServer.lambda$findCompiler$21(JavaLanguageServer.java:479)
	at java.util.Optional.orElseThrow(Optional.java:290)
	at org.javacs.JavaLanguageServer.findCompiler(JavaLanguageServer.java:479)
	at org.javacs.JavaLanguageServer.findTree(JavaLanguageServer.java:809)
	at org.javacs.JavaLanguageServer.lambda$doHover$34(JavaLanguageServer.java:983)
	at java.util.Optional.ifPresent(Optional.java:159)
	at org.javacs.JavaLanguageServer.doHover(JavaLanguageServer.java:982)
	at org.javacs.JavaLanguageServer.access$000(JavaLanguageServer.java:31)
	at org.javacs.JavaLanguageServer$1.hover(JavaLanguageServer.java:118)
	at io.typefox.lsapi.services.transport.server.LanguageServerEndpoint._doAccept(LanguageServerEndpoint.xtend:130)
	at io.typefox.lsapi.services.transport.server.LanguageServerEndpoint.doAccept(LanguageServerEndpoint.xtend:117)
	at io.typefox.lsapi.services.transport.server.LanguageServerEndpoint.accept(LanguageServerEndpoint.xtend:114)
	at io.typefox.lsapi.services.transport.server.LanguageServerEndpoint.accept(LanguageServerEndpoint.xtend)
	at io.typefox.lsapi.services.transport.AbstractLanguageEndpoint.handleMessage(LanguageEndpoint.xtend:67)
	at io.typefox.lsapi.services.transport.AbstractLanguageEndpoint.lambda$connect$4(LanguageEndpoint.xtend:61)
	at io.typefox.lsapi.services.json.StreamMessageReader$1.apply(StreamMessageReader.java:46)
	at io.typefox.lsapi.services.json.StreamMessageReader$1.apply(StreamMessageReader.java:44)
	at io.typefox.lsapi.services.json.StreamMessageReader.handleMessage(StreamMessageReader.xtend:128)
	at io.typefox.lsapi.services.json.StreamMessageReader.listen(StreamMessageReader.xtend:61)
	at io.typefox.lsapi.services.transport.AbstractLanguageEndpoint.connect(LanguageEndpoint.xtend:60)
	at org.javacs.Main.run(Main.java:150)
	at org.javacs.Main.main(Main.java:69)

SEVERE	?	main	2016-10-16T14:01:30.881Z	org.javacs.Main$4#onError	Can't find configuration file for d:\Java2\作業\hw20161010\mvc\views\View.java
org.javacs.NoJavaConfigException: Can't find configuration file for d:\Java2\作業\hw20161010\mvc\views\View.java
	at org.javacs.JavaLanguageServer.lambda$findCompiler$21(JavaLanguageServer.java:479)
	at java.util.Optional.orElseThrow(Optional.java:290)
	at org.javacs.JavaLanguageServer.findCompiler(JavaLanguageServer.java:479)
	at org.javacs.JavaLanguageServer.autocomplete(JavaLanguageServer.java:1057)
	at org.javacs.JavaLanguageServer$1.completion(JavaLanguageServer.java:108)
	at io.typefox.lsapi.services.transport.server.LanguageServerEndpoint._doAccept(LanguageServerEndpoint.xtend:126)
	at io.typefox.lsapi.services.transport.server.LanguageServerEndpoint.doAccept(LanguageServerEndpoint.xtend:117)
	at io.typefox.lsapi.services.transport.server.LanguageServerEndpoint.accept(LanguageServerEndpoint.xtend:114)
	at io.typefox.lsapi.services.transport.server.LanguageServerEndpoint.accept(LanguageServerEndpoint.xtend)
	at io.typefox.lsapi.services.transport.AbstractLanguageEndpoint.handleMessage(LanguageEndpoint.xtend:67)
	at io.typefox.lsapi.services.transport.AbstractLanguageEndpoint.lambda$connect$4(LanguageEndpoint.xtend:61)
	at io.typefox.lsapi.services.json.StreamMessageReader$1.apply(StreamMessageReader.java:46)
	at io.typefox.lsapi.services.json.StreamMessageReader$1.apply(StreamMessageReader.java:44)
	at io.typefox.lsapi.services.json.StreamMessageReader.handleMessage(StreamMessageReader.xtend:128)
	at io.typefox.lsapi.services.json.StreamMessageReader.listen(StreamMessageReader.xtend:61)
	at io.typefox.lsapi.services.transport.AbstractLanguageEndpoint.connect(LanguageEndpoint.xtend:60)
	at org.javacs.Main.run(Main.java:150)
	at org.javacs.Main.main(Main.java:69)

INFO	?	main	2016-10-16T14:01:32.063Z	org.javacs.JavaLanguageServer#doLint	Lint [d:\Java2\作業\hw20161010\Main.java, d:\Java2\作業\hw20161010\mvc\controllers\Controller.java, d:\Java2\作業\hw20161010\mvc\views\View.java, d:\Java2\作業\hw20161010\mvc\models\Model.java]
SEVERE	?	main	2016-10-16T14:02:13.100Z	org.javacs.Main$4#onError	Can't find configuration file for d:\Java2\作業\hw20161010\mvc\views\View.java
org.javacs.NoJavaConfigException: Can't find configuration file for d:\Java2\作業\hw20161010\mvc\views\View.java
	at org.javacs.JavaLanguageServer.lambda$findCompiler$21(JavaLanguageServer.java:479)
	at java.util.Optional.orElseThrow(Optional.java:290)
	at org.javacs.JavaLanguageServer.findCompiler(JavaLanguageServer.java:479)
	at org.javacs.JavaLanguageServer.autocomplete(JavaLanguageServer.java:1057)
	at org.javacs.JavaLanguageServer$1.completion(JavaLanguageServer.java:108)
	at io.typefox.lsapi.services.transport.server.LanguageServerEndpoint._doAccept(LanguageServerEndpoint.xtend:126)
	at io.typefox.lsapi.services.transport.server.LanguageServerEndpoint.doAccept(LanguageServerEndpoint.xtend:117)
	at io.typefox.lsapi.services.transport.server.LanguageServerEndpoint.accept(LanguageServerEndpoint.xtend:114)
	at io.typefox.lsapi.services.transport.server.LanguageServerEndpoint.accept(LanguageServerEndpoint.xtend)
	at io.typefox.lsapi.services.transport.AbstractLanguageEndpoint.handleMessage(LanguageEndpoint.xtend:67)
	at io.typefox.lsapi.services.transport.AbstractLanguageEndpoint.lambda$connect$4(LanguageEndpoint.xtend:61)
	at io.typefox.lsapi.services.json.StreamMessageReader$1.apply(StreamMessageReader.java:46)
	at io.typefox.lsapi.services.json.StreamMessageReader$1.apply(StreamMessageReader.java:44)
	at io.typefox.lsapi.services.json.StreamMessageReader.handleMessage(StreamMessageReader.xtend:128)
	at io.typefox.lsapi.services.json.StreamMessageReader.listen(StreamMessageReader.xtend:61)
	at io.typefox.lsapi.services.transport.AbstractLanguageEndpoint.connect(LanguageEndpoint.xtend:60)
	at org.javacs.Main.run(Main.java:150)
	at org.javacs.Main.main(Main.java:69)

SEVERE	?	main	2016-10-16T14:02:15.534Z	org.javacs.Main$4#onError	Can't find configuration file for d:\Java2\作業\hw20161010\mvc\views\View.java
org.javacs.NoJavaConfigException: Can't find configuration file for d:\Java2\作業\hw20161010\mvc\views\View.java
	at org.javacs.JavaLanguageServer.lambda$findCompiler$21(JavaLanguageServer.java:479)
	at java.util.Optional.orElseThrow(Optional.java:290)
	at org.javacs.JavaLanguageServer.findCompiler(JavaLanguageServer.java:479)
	at org.javacs.JavaLanguageServer.autocomplete(JavaLanguageServer.java:1057)
	at org.javacs.JavaLanguageServer$1.completion(JavaLanguageServer.java:108)
	at io.typefox.lsapi.services.transport.server.LanguageServerEndpoint._doAccept(LanguageServerEndpoint.xtend:126)
	at io.typefox.lsapi.services.transport.server.LanguageServerEndpoint.doAccept(LanguageServerEndpoint.xtend:117)
	at io.typefox.lsapi.services.transport.server.LanguageServerEndpoint.accept(LanguageServerEndpoint.xtend:114)
	at io.typefox.lsapi.services.transport.server.LanguageServerEndpoint.accept(LanguageServerEndpoint.xtend)
	at io.typefox.lsapi.services.transport.AbstractLanguageEndpoint.handleMessage(LanguageEndpoint.xtend:67)
	at io.typefox.lsapi.services.transport.AbstractLanguageEndpoint.lambda$connect$4(LanguageEndpoint.xtend:61)
	at io.typefox.lsapi.services.json.StreamMessageReader$1.apply(StreamMessageReader.java:46)
	at io.typefox.lsapi.services.json.StreamMessageReader$1.apply(StreamMessageReader.java:44)
	at io.typefox.lsapi.services.json.StreamMessageReader.handleMessage(StreamMessageReader.xtend:128)
	at io.typefox.lsapi.services.json.StreamMessageReader.listen(StreamMessageReader.xtend:61)
	at io.typefox.lsapi.services.transport.AbstractLanguageEndpoint.connect(LanguageEndpoint.xtend:60)
	at org.javacs.Main.run(Main.java:150)
	at org.javacs.Main.main(Main.java:69)

SEVERE	?	main	2016-10-16T14:02:16.656Z	org.javacs.Main$4#onError	Can't find configuration file for d:\Java2\作業\hw20161010\mvc\views\View.java
org.javacs.NoJavaConfigException: Can't find configuration file for d:\Java2\作業\hw20161010\mvc\views\View.java
	at org.javacs.JavaLanguageServer.lambda$findCompiler$21(JavaLanguageServer.java:479)
	at java.util.Optional.orElseThrow(Optional.java:290)
	at org.javacs.JavaLanguageServer.findCompiler(JavaLanguageServer.java:479)
	at org.javacs.JavaLanguageServer.autocomplete(JavaLanguageServer.java:1057)
	at org.javacs.JavaLanguageServer$1.completion(JavaLanguageServer.java:108)
	at io.typefox.lsapi.services.transport.server.LanguageServerEndpoint._doAccept(LanguageServerEndpoint.xtend:126)
	at io.typefox.lsapi.services.transport.server.LanguageServerEndpoint.doAccept(LanguageServerEndpoint.xtend:117)
	at io.typefox.lsapi.services.transport.server.LanguageServerEndpoint.accept(LanguageServerEndpoint.xtend:114)
	at io.typefox.lsapi.services.transport.server.LanguageServerEndpoint.accept(LanguageServerEndpoint.xtend)
	at io.typefox.lsapi.services.transport.AbstractLanguageEndpoint.handleMessage(LanguageEndpoint.xtend:67)
	at io.typefox.lsapi.services.transport.AbstractLanguageEndpoint.lambda$connect$4(LanguageEndpoint.xtend:61)
	at io.typefox.lsapi.services.json.StreamMessageReader$1.apply(StreamMessageReader.java:46)
	at io.typefox.lsapi.services.json.StreamMessageReader$1.apply(StreamMessageReader.java:44)
	at io.typefox.lsapi.services.json.StreamMessageReader.handleMessage(StreamMessageReader.xtend:128)
	at io.typefox.lsapi.services.json.StreamMessageReader.listen(StreamMessageReader.xtend:61)
	at io.typefox.lsapi.services.transport.AbstractLanguageEndpoint.connect(LanguageEndpoint.xtend:60)
	at org.javacs.Main.run(Main.java:150)
	at org.javacs.Main.main(Main.java:69)

SEVERE	?	main	2016-10-16T14:02:18.271Z	org.javacs.Main$4#onError	Can't find configuration file for d:\Java2\作業\hw20161010\mvc\views\View.java
org.javacs.NoJavaConfigException: Can't find configuration file for d:\Java2\作業\hw20161010\mvc\views\View.java
	at org.javacs.JavaLanguageServer.lambda$findCompiler$21(JavaLanguageServer.java:479)
	at java.util.Optional.orElseThrow(Optional.java:290)
	at org.javacs.JavaLanguageServer.findCompiler(JavaLanguageServer.java:479)
	at org.javacs.JavaLanguageServer.autocomplete(JavaLanguageServer.java:1057)
	at org.javacs.JavaLanguageServer$1.completion(JavaLanguageServer.java:108)
	at io.typefox.lsapi.services.transport.server.LanguageServerEndpoint._doAccept(LanguageServerEndpoint.xtend:126)
	at io.typefox.lsapi.services.transport.server.LanguageServerEndpoint.doAccept(LanguageServerEndpoint.xtend:117)
	at io.typefox.lsapi.services.transport.server.LanguageServerEndpoint.accept(LanguageServerEndpoint.xtend:114)
	at io.typefox.lsapi.services.transport.server.LanguageServerEndpoint.accept(LanguageServerEndpoint.xtend)
	at io.typefox.lsapi.services.transport.AbstractLanguageEndpoint.handleMessage(LanguageEndpoint.xtend:67)
	at io.typefox.lsapi.services.transport.AbstractLanguageEndpoint.lambda$connect$4(LanguageEndpoint.xtend:61)
	at io.typefox.lsapi.services.json.StreamMessageReader$1.apply(StreamMessageReader.java:46)
	at io.typefox.lsapi.services.json.StreamMessageReader$1.apply(StreamMessageReader.java:44)
	at io.typefox.lsapi.services.json.StreamMessageReader.handleMessage(StreamMessageReader.xtend:128)
	at io.typefox.lsapi.services.json.StreamMessageReader.listen(StreamMessageReader.xtend:61)
	at io.typefox.lsapi.services.transport.AbstractLanguageEndpoint.connect(LanguageEndpoint.xtend:60)
	at org.javacs.Main.run(Main.java:150)
	at org.javacs.Main.main(Main.java:69)

SEVERE	?	main	2016-10-16T14:02:20.647Z	org.javacs.Main$4#onError	Can't find configuration file for d:\Java2\作業\hw20161010\mvc\views\View.java
org.javacs.NoJavaConfigException: Can't find configuration file for d:\Java2\作業\hw20161010\mvc\views\View.java
	at org.javacs.JavaLanguageServer.lambda$findCompiler$21(JavaLanguageServer.java:479)
	at java.util.Optional.orElseThrow(Optional.java:290)
	at org.javacs.JavaLanguageServer.findCompiler(JavaLanguageServer.java:479)
	at org.javacs.JavaLanguageServer.autocomplete(JavaLanguageServer.java:1057)
	at org.javacs.JavaLanguageServer$1.completion(JavaLanguageServer.java:108)
	at io.typefox.lsapi.services.transport.server.LanguageServerEndpoint._doAccept(LanguageServerEndpoint.xtend:126)
	at io.typefox.lsapi.services.transport.server.LanguageServerEndpoint.doAccept(LanguageServerEndpoint.xtend:117)
	at io.typefox.lsapi.services.transport.server.LanguageServerEndpoint.accept(LanguageServerEndpoint.xtend:114)
	at io.typefox.lsapi.services.transport.server.LanguageServerEndpoint.accept(LanguageServerEndpoint.xtend)
	at io.typefox.lsapi.services.transport.AbstractLanguageEndpoint.handleMessage(LanguageEndpoint.xtend:67)
	at io.typefox.lsapi.services.transport.AbstractLanguageEndpoint.lambda$connect$4(LanguageEndpoint.xtend:61)
	at io.typefox.lsapi.services.json.StreamMessageReader$1.apply(StreamMessageReader.java:46)
	at io.typefox.lsapi.services.json.StreamMessageReader$1.apply(StreamMessageReader.java:44)
	at io.typefox.lsapi.services.json.StreamMessageReader.handleMessage(StreamMessageReader.xtend:128)
	at io.typefox.lsapi.services.json.StreamMessageReader.listen(StreamMessageReader.xtend:61)
	at io.typefox.lsapi.services.transport.AbstractLanguageEndpoint.connect(LanguageEndpoint.xtend:60)
	at org.javacs.Main.run(Main.java:150)
	at org.javacs.Main.main(Main.java:69)

SEVERE	?	main	2016-10-16T14:02:20.771Z	org.javacs.Main$4#onError	Can't find configuration file for d:\Java2\作業\hw20161010\mvc\views\View.java
org.javacs.NoJavaConfigException: Can't find configuration file for d:\Java2\作業\hw20161010\mvc\views\View.java
	at org.javacs.JavaLanguageServer.lambda$findCompiler$21(JavaLanguageServer.java:479)
	at java.util.Optional.orElseThrow(Optional.java:290)
	at org.javacs.JavaLanguageServer.findCompiler(JavaLanguageServer.java:479)
	at org.javacs.JavaLanguageServer.autocomplete(JavaLanguageServer.java:1057)
	at org.javacs.JavaLanguageServer$1.completion(JavaLanguageServer.java:108)
	at io.typefox.lsapi.services.transport.server.LanguageServerEndpoint._doAccept(LanguageServerEndpoint.xtend:126)
	at io.typefox.lsapi.services.transport.server.LanguageServerEndpoint.doAccept(LanguageServerEndpoint.xtend:117)
	at io.typefox.lsapi.services.transport.server.LanguageServerEndpoint.accept(LanguageServerEndpoint.xtend:114)
	at io.typefox.lsapi.services.transport.server.LanguageServerEndpoint.accept(LanguageServerEndpoint.xtend)
	at io.typefox.lsapi.services.transport.AbstractLanguageEndpoint.handleMessage(LanguageEndpoint.xtend:67)
	at io.typefox.lsapi.services.transport.AbstractLanguageEndpoint.lambda$connect$4(LanguageEndpoint.xtend:61)
	at io.typefox.lsapi.services.json.StreamMessageReader$1.apply(StreamMessageReader.java:46)
	at io.typefox.lsapi.services.json.StreamMessageReader$1.apply(StreamMessageReader.java:44)
	at io.typefox.lsapi.services.json.StreamMessageReader.handleMessage(StreamMessageReader.xtend:128)
	at io.typefox.lsapi.services.json.StreamMessageReader.listen(StreamMessageReader.xtend:61)
	at io.typefox.lsapi.services.transport.AbstractLanguageEndpoint.connect(LanguageEndpoint.xtend:60)
	at org.javacs.Main.run(Main.java:150)
	at org.javacs.Main.main(Main.java:69)

SEVERE	?	main	2016-10-16T14:02:20.923Z	org.javacs.Main$4#onError	Can't find configuration file for d:\Java2\作業\hw20161010\mvc\views\View.java
org.javacs.NoJavaConfigException: Can't find configuration file for d:\Java2\作業\hw20161010\mvc\views\View.java
	at org.javacs.JavaLanguageServer.lambda$findCompiler$21(JavaLanguageServer.java:479)
	at java.util.Optional.orElseThrow(Optional.java:290)
	at org.javacs.JavaLanguageServer.findCompiler(JavaLanguageServer.java:479)
	at org.javacs.JavaLanguageServer.autocomplete(JavaLanguageServer.java:1057)
	at org.javacs.JavaLanguageServer$1.completion(JavaLanguageServer.java:108)
	at io.typefox.lsapi.services.transport.server.LanguageServerEndpoint._doAccept(LanguageServerEndpoint.xtend:126)
	at io.typefox.lsapi.services.transport.server.LanguageServerEndpoint.doAccept(LanguageServerEndpoint.xtend:117)
	at io.typefox.lsapi.services.transport.server.LanguageServerEndpoint.accept(LanguageServerEndpoint.xtend:114)
	at io.typefox.lsapi.services.transport.server.LanguageServerEndpoint.accept(LanguageServerEndpoint.xtend)
	at io.typefox.lsapi.services.transport.AbstractLanguageEndpoint.handleMessage(LanguageEndpoint.xtend:67)
	at io.typefox.lsapi.services.transport.AbstractLanguageEndpoint.lambda$connect$4(LanguageEndpoint.xtend:61)
	at io.typefox.lsapi.services.json.StreamMessageReader$1.apply(StreamMessageReader.java:46)
	at io.typefox.lsapi.services.json.StreamMessageReader$1.apply(StreamMessageReader.java:44)
	at io.typefox.lsapi.services.json.StreamMessageReader.handleMessage(StreamMessageReader.xtend:128)
	at io.typefox.lsapi.services.json.StreamMessageReader.listen(StreamMessageReader.xtend:61)
	at io.typefox.lsapi.services.transport.AbstractLanguageEndpoint.connect(LanguageEndpoint.xtend:60)
	at org.javacs.Main.run(Main.java:150)
	at org.javacs.Main.main(Main.java:69)

SEVERE	?	main	2016-10-16T14:02:21.110Z	org.javacs.Main$4#onError	Can't find configuration file for d:\Java2\作業\hw20161010\mvc\views\View.java
org.javacs.NoJavaConfigException: Can't find configuration file for d:\Java2\作業\hw20161010\mvc\views\View.java
	at org.javacs.JavaLanguageServer.lambda$findCompiler$21(JavaLanguageServer.java:479)
	at java.util.Optional.orElseThrow(Optional.java:290)
	at org.javacs.JavaLanguageServer.findCompiler(JavaLanguageServer.java:479)
	at org.javacs.JavaLanguageServer.autocomplete(JavaLanguageServer.java:1057)
	at org.javacs.JavaLanguageServer$1.completion(JavaLanguageServer.java:108)
	at io.typefox.lsapi.services.transport.server.LanguageServerEndpoint._doAccept(LanguageServerEndpoint.xtend:126)
	at io.typefox.lsapi.services.transport.server.LanguageServerEndpoint.doAccept(LanguageServerEndpoint.xtend:117)
	at io.typefox.lsapi.services.transport.server.LanguageServerEndpoint.accept(LanguageServerEndpoint.xtend:114)
	at io.typefox.lsapi.services.transport.server.LanguageServerEndpoint.accept(LanguageServerEndpoint.xtend)
	at io.typefox.lsapi.services.transport.AbstractLanguageEndpoint.handleMessage(LanguageEndpoint.xtend:67)
	at io.typefox.lsapi.services.transport.AbstractLanguageEndpoint.lambda$connect$4(LanguageEndpoint.xtend:61)
	at io.typefox.lsapi.services.json.StreamMessageReader$1.apply(StreamMessageReader.java:46)
	at io.typefox.lsapi.services.json.StreamMessageReader$1.apply(StreamMessageReader.java:44)
	at io.typefox.lsapi.services.json.StreamMessageReader.handleMessage(StreamMessageReader.xtend:128)
	at io.typefox.lsapi.services.json.StreamMessageReader.listen(StreamMessageReader.xtend:61)
	at io.typefox.lsapi.services.transport.AbstractLanguageEndpoint.connect(LanguageEndpoint.xtend:60)
	at org.javacs.Main.run(Main.java:150)
	at org.javacs.Main.main(Main.java:69)

SEVERE	?	main	2016-10-16T14:02:21.254Z	org.javacs.Main$4#onError	Can't find configuration file for d:\Java2\作業\hw20161010\mvc\views\View.java
org.javacs.NoJavaConfigException: Can't find configuration file for d:\Java2\作業\hw20161010\mvc\views\View.java
	at org.javacs.JavaLanguageServer.lambda$findCompiler$21(JavaLanguageServer.java:479)
	at java.util.Optional.orElseThrow(Optional.java:290)
	at org.javacs.JavaLanguageServer.findCompiler(JavaLanguageServer.java:479)
	at org.javacs.JavaLanguageServer.autocomplete(JavaLanguageServer.java:1057)
	at org.javacs.JavaLanguageServer$1.completion(JavaLanguageServer.java:108)
	at io.typefox.lsapi.services.transport.server.LanguageServerEndpoint._doAccept(LanguageServerEndpoint.xtend:126)
	at io.typefox.lsapi.services.transport.server.LanguageServerEndpoint.doAccept(LanguageServerEndpoint.xtend:117)
	at io.typefox.lsapi.services.transport.server.LanguageServerEndpoint.accept(LanguageServerEndpoint.xtend:114)
	at io.typefox.lsapi.services.transport.server.LanguageServerEndpoint.accept(LanguageServerEndpoint.xtend)
	at io.typefox.lsapi.services.transport.AbstractLanguageEndpoint.handleMessage(LanguageEndpoint.xtend:67)
	at io.typefox.lsapi.services.transport.AbstractLanguageEndpoint.lambda$connect$4(LanguageEndpoint.xtend:61)
	at io.typefox.lsapi.services.json.StreamMessageReader$1.apply(StreamMessageReader.java:46)
	at io.typefox.lsapi.services.json.StreamMessageReader$1.apply(StreamMessageReader.java:44)
	at io.typefox.lsapi.services.json.StreamMessageReader.handleMessage(StreamMessageReader.xtend:128)
	at io.typefox.lsapi.services.json.StreamMessageReader.listen(StreamMessageReader.xtend:61)
	at io.typefox.lsapi.services.transport.AbstractLanguageEndpoint.connect(LanguageEndpoint.xtend:60)
	at org.javacs.Main.run(Main.java:150)
	at org.javacs.Main.main(Main.java:69)

SEVERE	?	main	2016-10-16T14:02:21.752Z	org.javacs.Main$4#onError	Can't find configuration file for d:\Java2\作業\hw20161010\mvc\views\View.java
org.javacs.NoJavaConfigException: Can't find configuration file for d:\Java2\作業\hw20161010\mvc\views\View.java
	at org.javacs.JavaLanguageServer.lambda$findCompiler$21(JavaLanguageServer.java:479)
	at java.util.Optional.orElseThrow(Optional.java:290)
	at org.javacs.JavaLanguageServer.findCompiler(JavaLanguageServer.java:479)
	at org.javacs.JavaLanguageServer.autocomplete(JavaLanguageServer.java:1057)
	at org.javacs.JavaLanguageServer$1.completion(JavaLanguageServer.java:108)
	at io.typefox.lsapi.services.transport.server.LanguageServerEndpoint._doAccept(LanguageServerEndpoint.xtend:126)
	at io.typefox.lsapi.services.transport.server.LanguageServerEndpoint.doAccept(LanguageServerEndpoint.xtend:117)
	at io.typefox.lsapi.services.transport.server.LanguageServerEndpoint.accept(LanguageServerEndpoint.xtend:114)
	at io.typefox.lsapi.services.transport.server.LanguageServerEndpoint.accept(LanguageServerEndpoint.xtend)
	at io.typefox.lsapi.services.transport.AbstractLanguageEndpoint.handleMessage(LanguageEndpoint.xtend:67)
	at io.typefox.lsapi.services.transport.AbstractLanguageEndpoint.lambda$connect$4(LanguageEndpoint.xtend:61)
	at io.typefox.lsapi.services.json.StreamMessageReader$1.apply(StreamMessageReader.java:46)
	at io.typefox.lsapi.services.json.StreamMessageReader$1.apply(StreamMessageReader.java:44)
	at io.typefox.lsapi.services.json.StreamMessageReader.handleMessage(StreamMessageReader.xtend:128)
	at io.typefox.lsapi.services.json.StreamMessageReader.listen(StreamMessageReader.xtend:61)
	at io.typefox.lsapi.services.transport.AbstractLanguageEndpoint.connect(LanguageEndpoint.xtend:60)
	at org.javacs.Main.run(Main.java:150)
	at org.javacs.Main.main(Main.java:69)

SEVERE	?	main	2016-10-16T14:02:21.783Z	org.javacs.Main$4#onError	Can't find configuration file for d:\Java2\作業\hw20161010\mvc\views\View.java
org.javacs.NoJavaConfigException: Can't find configuration file for d:\Java2\作業\hw20161010\mvc\views\View.java
	at org.javacs.JavaLanguageServer.lambda$findCompiler$21(JavaLanguageServer.java:479)
	at java.util.Optional.orElseThrow(Optional.java:290)
	at org.javacs.JavaLanguageServer.findCompiler(JavaLanguageServer.java:479)
	at org.javacs.JavaLanguageServer.autocomplete(JavaLanguageServer.java:1057)
	at org.javacs.JavaLanguageServer$1.completion(JavaLanguageServer.java:108)
	at io.typefox.lsapi.services.transport.server.LanguageServerEndpoint._doAccept(LanguageServerEndpoint.xtend:126)
	at io.typefox.lsapi.services.transport.server.LanguageServerEndpoint.doAccept(LanguageServerEndpoint.xtend:117)
	at io.typefox.lsapi.services.transport.server.LanguageServerEndpoint.accept(LanguageServerEndpoint.xtend:114)
	at io.typefox.lsapi.services.transport.server.LanguageServerEndpoint.accept(LanguageServerEndpoint.xtend)
	at io.typefox.lsapi.services.transport.AbstractLanguageEndpoint.handleMessage(LanguageEndpoint.xtend:67)
	at io.typefox.lsapi.services.transport.AbstractLanguageEndpoint.lambda$connect$4(LanguageEndpoint.xtend:61)
	at io.typefox.lsapi.services.json.StreamMessageReader$1.apply(StreamMessageReader.java:46)
	at io.typefox.lsapi.services.json.StreamMessageReader$1.apply(StreamMessageReader.java:44)
	at io.typefox.lsapi.services.json.StreamMessageReader.handleMessage(StreamMessageReader.xtend:128)
	at io.typefox.lsapi.services.json.StreamMessageReader.listen(StreamMessageReader.xtend:61)
	at io.typefox.lsapi.services.transport.AbstractLanguageEndpoint.connect(LanguageEndpoint.xtend:60)
	at org.javacs.Main.run(Main.java:150)
	at org.javacs.Main.main(Main.java:69)

SEVERE	?	main	2016-10-16T14:02:21.818Z	org.javacs.Main$4#onError	Can't find configuration file for d:\Java2\作業\hw20161010\mvc\views\View.java
org.javacs.NoJavaConfigException: Can't find configuration file for d:\Java2\作業\hw20161010\mvc\views\View.java
	at org.javacs.JavaLanguageServer.lambda$findCompiler$21(JavaLanguageServer.java:479)
	at java.util.Optional.orElseThrow(Optional.java:290)
	at org.javacs.JavaLanguageServer.findCompiler(JavaLanguageServer.java:479)
	at org.javacs.JavaLanguageServer.autocomplete(JavaLanguageServer.java:1057)
	at org.javacs.JavaLanguageServer$1.completion(JavaLanguageServer.java:108)
	at io.typefox.lsapi.services.transport.server.LanguageServerEndpoint._doAccept(LanguageServerEndpoint.xtend:126)
	at io.typefox.lsapi.services.transport.server.LanguageServerEndpoint.doAccept(LanguageServerEndpoint.xtend:117)
	at io.typefox.lsapi.services.transport.server.LanguageServerEndpoint.accept(LanguageServerEndpoint.xtend:114)
	at io.typefox.lsapi.services.transport.server.LanguageServerEndpoint.accept(LanguageServerEndpoint.xtend)
	at io.typefox.lsapi.services.transport.AbstractLanguageEndpoint.handleMessage(LanguageEndpoint.xtend:67)
	at io.typefox.lsapi.services.transport.AbstractLanguageEndpoint.lambda$connect$4(LanguageEndpoint.xtend:61)
	at io.typefox.lsapi.services.json.StreamMessageReader$1.apply(StreamMessageReader.java:46)
	at io.typefox.lsapi.services.json.StreamMessageReader$1.apply(StreamMessageReader.java:44)
	at io.typefox.lsapi.services.json.StreamMessageReader.handleMessage(StreamMessageReader.xtend:128)
	at io.typefox.lsapi.services.json.StreamMessageReader.listen(StreamMessageReader.xtend:61)
	at io.typefox.lsapi.services.transport.AbstractLanguageEndpoint.connect(LanguageEndpoint.xtend:60)
	at org.javacs.Main.run(Main.java:150)
	at org.javacs.Main.main(Main.java:69)

SEVERE	?	main	2016-10-16T14:02:21.889Z	org.javacs.Main$4#onError	Can't find configuration file for d:\Java2\作業\hw20161010\mvc\views\View.java
org.javacs.NoJavaConfigException: Can't find configuration file for d:\Java2\作業\hw20161010\mvc\views\View.java
	at org.javacs.JavaLanguageServer.lambda$findCompiler$21(JavaLanguageServer.java:479)
	at java.util.Optional.orElseThrow(Optional.java:290)
	at org.javacs.JavaLanguageServer.findCompiler(JavaLanguageServer.java:479)
	at org.javacs.JavaLanguageServer.autocomplete(JavaLanguageServer.java:1057)
	at org.javacs.JavaLanguageServer$1.completion(JavaLanguageServer.java:108)
	at io.typefox.lsapi.services.transport.server.LanguageServerEndpoint._doAccept(LanguageServerEndpoint.xtend:126)
	at io.typefox.lsapi.services.transport.server.LanguageServerEndpoint.doAccept(LanguageServerEndpoint.xtend:117)
	at io.typefox.lsapi.services.transport.server.LanguageServerEndpoint.accept(LanguageServerEndpoint.xtend:114)
	at io.typefox.lsapi.services.transport.server.LanguageServerEndpoint.accept(LanguageServerEndpoint.xtend)
	at io.typefox.lsapi.services.transport.AbstractLanguageEndpoint.handleMessage(LanguageEndpoint.xtend:67)
	at io.typefox.lsapi.services.transport.AbstractLanguageEndpoint.lambda$connect$4(LanguageEndpoint.xtend:61)
	at io.typefox.lsapi.services.json.StreamMessageReader$1.apply(StreamMessageReader.java:46)
	at io.typefox.lsapi.services.json.StreamMessageReader$1.apply(StreamMessageReader.java:44)
	at io.typefox.lsapi.services.json.StreamMessageReader.handleMessage(StreamMessageReader.xtend:128)
	at io.typefox.lsapi.services.json.StreamMessageReader.listen(StreamMessageReader.xtend:61)
	at io.typefox.lsapi.services.transport.AbstractLanguageEndpoint.connect(LanguageEndpoint.xtend:60)
	at org.javacs.Main.run(Main.java:150)
	at org.javacs.Main.main(Main.java:69)

SEVERE	?	main	2016-10-16T14:02:21.920Z	org.javacs.Main$4#onError	Can't find configuration file for d:\Java2\作業\hw20161010\mvc\views\View.java
org.javacs.NoJavaConfigException: Can't find configuration file for d:\Java2\作業\hw20161010\mvc\views\View.java
	at org.javacs.JavaLanguageServer.lambda$findCompiler$21(JavaLanguageServer.java:479)
	at java.util.Optional.orElseThrow(Optional.java:290)
	at org.javacs.JavaLanguageServer.findCompiler(JavaLanguageServer.java:479)
	at org.javacs.JavaLanguageServer.autocomplete(JavaLanguageServer.java:1057)
	at org.javacs.JavaLanguageServer$1.completion(JavaLanguageServer.java:108)
	at io.typefox.lsapi.services.transport.server.LanguageServerEndpoint._doAccept(LanguageServerEndpoint.xtend:126)
	at io.typefox.lsapi.services.transport.server.LanguageServerEndpoint.doAccept(LanguageServerEndpoint.xtend:117)
	at io.typefox.lsapi.services.transport.server.LanguageServerEndpoint.accept(LanguageServerEndpoint.xtend:114)
	at io.typefox.lsapi.services.transport.server.LanguageServerEndpoint.accept(LanguageServerEndpoint.xtend)
	at io.typefox.lsapi.services.transport.AbstractLanguageEndpoint.handleMessage(LanguageEndpoint.xtend:67)
	at io.typefox.lsapi.services.transport.AbstractLanguageEndpoint.lambda$connect$4(LanguageEndpoint.xtend:61)
	at io.typefox.lsapi.services.json.StreamMessageReader$1.apply(StreamMessageReader.java:46)
	at io.typefox.lsapi.services.json.StreamMessageReader$1.apply(StreamMessageReader.java:44)
	at io.typefox.lsapi.services.json.StreamMessageReader.handleMessage(StreamMessageReader.xtend:128)
	at io.typefox.lsapi.services.json.StreamMessageReader.listen(StreamMessageReader.xtend:61)
	at io.typefox.lsapi.services.transport.AbstractLanguageEndpoint.connect(LanguageEndpoint.xtend:60)
	at org.javacs.Main.run(Main.java:150)
	at org.javacs.Main.main(Main.java:69)

SEVERE	?	main	2016-10-16T14:02:21.952Z	org.javacs.Main$4#onError	Can't find configuration file for d:\Java2\作業\hw20161010\mvc\views\View.java
org.javacs.NoJavaConfigException: Can't find configuration file for d:\Java2\作業\hw20161010\mvc\views\View.java
	at org.javacs.JavaLanguageServer.lambda$findCompiler$21(JavaLanguageServer.java:479)
	at java.util.Optional.orElseThrow(Optional.java:290)
	at org.javacs.JavaLanguageServer.findCompiler(JavaLanguageServer.java:479)
	at org.javacs.JavaLanguageServer.autocomplete(JavaLanguageServer.java:1057)
	at org.javacs.JavaLanguageServer$1.completion(JavaLanguageServer.java:108)
	at io.typefox.lsapi.services.transport.server.LanguageServerEndpoint._doAccept(LanguageServerEndpoint.xtend:126)
	at io.typefox.lsapi.services.transport.server.LanguageServerEndpoint.doAccept(LanguageServerEndpoint.xtend:117)
	at io.typefox.lsapi.services.transport.server.LanguageServerEndpoint.accept(LanguageServerEndpoint.xtend:114)
	at io.typefox.lsapi.services.transport.server.LanguageServerEndpoint.accept(LanguageServerEndpoint.xtend)
	at io.typefox.lsapi.services.transport.AbstractLanguageEndpoint.handleMessage(LanguageEndpoint.xtend:67)
	at io.typefox.lsapi.services.transport.AbstractLanguageEndpoint.lambda$connect$4(LanguageEndpoint.xtend:61)
	at io.typefox.lsapi.services.json.StreamMessageReader$1.apply(StreamMessageReader.java:46)
	at io.typefox.lsapi.services.json.StreamMessageReader$1.apply(StreamMessageReader.java:44)
	at io.typefox.lsapi.services.json.StreamMessageReader.handleMessage(StreamMessageReader.xtend:128)
	at io.typefox.lsapi.services.json.StreamMessageReader.listen(StreamMessageReader.xtend:61)
	at io.typefox.lsapi.services.transport.AbstractLanguageEndpoint.connect(LanguageEndpoint.xtend:60)
	at org.javacs.Main.run(Main.java:150)
	at org.javacs.Main.main(Main.java:69)

SEVERE	?	main	2016-10-16T14:02:22.075Z	org.javacs.Main$4#onError	Can't find configuration file for d:\Java2\作業\hw20161010\mvc\views\View.java
org.javacs.NoJavaConfigException: Can't find configuration file for d:\Java2\作業\hw20161010\mvc\views\View.java
	at org.javacs.JavaLanguageServer.lambda$findCompiler$21(JavaLanguageServer.java:479)
	at java.util.Optional.orElseThrow(Optional.java:290)
	at org.javacs.JavaLanguageServer.findCompiler(JavaLanguageServer.java:479)
	at org.javacs.JavaLanguageServer.autocomplete(JavaLanguageServer.java:1057)
	at org.javacs.JavaLanguageServer$1.completion(JavaLanguageServer.java:108)
	at io.typefox.lsapi.services.transport.server.LanguageServerEndpoint._doAccept(LanguageServerEndpoint.xtend:126)
	at io.typefox.lsapi.services.transport.server.LanguageServerEndpoint.doAccept(LanguageServerEndpoint.xtend:117)
	at io.typefox.lsapi.services.transport.server.LanguageServerEndpoint.accept(LanguageServerEndpoint.xtend:114)
	at io.typefox.lsapi.services.transport.server.LanguageServerEndpoint.accept(LanguageServerEndpoint.xtend)
	at io.typefox.lsapi.services.transport.AbstractLanguageEndpoint.handleMessage(LanguageEndpoint.xtend:67)
	at io.typefox.lsapi.services.transport.AbstractLanguageEndpoint.lambda$connect$4(LanguageEndpoint.xtend:61)
	at io.typefox.lsapi.services.json.StreamMessageReader$1.apply(StreamMessageReader.java:46)
	at io.typefox.lsapi.services.json.StreamMessageReader$1.apply(StreamMessageReader.java:44)
	at io.typefox.lsapi.services.json.StreamMessageReader.handleMessage(StreamMessageReader.xtend:128)
	at io.typefox.lsapi.services.json.StreamMessageReader.listen(StreamMessageReader.xtend:61)
	at io.typefox.lsapi.services.transport.AbstractLanguageEndpoint.connect(LanguageEndpoint.xtend:60)
	at org.javacs.Main.run(Main.java:150)
	at org.javacs.Main.main(Main.java:69)

SEVERE	?	main	2016-10-16T14:02:22.237Z	org.javacs.Main$4#onError	Can't find configuration file for d:\Java2\作業\hw20161010\mvc\views\View.java
org.javacs.NoJavaConfigException: Can't find configuration file for d:\Java2\作業\hw20161010\mvc\views\View.java
	at org.javacs.JavaLanguageServer.lambda$findCompiler$21(JavaLanguageServer.java:479)
	at java.util.Optional.orElseThrow(Optional.java:290)
	at org.javacs.JavaLanguageServer.findCompiler(JavaLanguageServer.java:479)
	at org.javacs.JavaLanguageServer.autocomplete(JavaLanguageServer.java:1057)
	at org.javacs.JavaLanguageServer$1.completion(JavaLanguageServer.java:108)
	at io.typefox.lsapi.services.transport.server.LanguageServerEndpoint._doAccept(LanguageServerEndpoint.xtend:126)
	at io.typefox.lsapi.services.transport.server.LanguageServerEndpoint.doAccept(LanguageServerEndpoint.xtend:117)
	at io.typefox.lsapi.services.transport.server.LanguageServerEndpoint.accept(LanguageServerEndpoint.xtend:114)
	at io.typefox.lsapi.services.transport.server.LanguageServerEndpoint.accept(LanguageServerEndpoint.xtend)
	at io.typefox.lsapi.services.transport.AbstractLanguageEndpoint.handleMessage(LanguageEndpoint.xtend:67)
	at io.typefox.lsapi.services.transport.AbstractLanguageEndpoint.lambda$connect$4(LanguageEndpoint.xtend:61)
	at io.typefox.lsapi.services.json.StreamMessageReader$1.apply(StreamMessageReader.java:46)
	at io.typefox.lsapi.services.json.StreamMessageReader$1.apply(StreamMessageReader.java:44)
	at io.typefox.lsapi.services.json.StreamMessageReader.handleMessage(StreamMessageReader.xtend:128)
	at io.typefox.lsapi.services.json.StreamMessageReader.listen(StreamMessageReader.xtend:61)
	at io.typefox.lsapi.services.transport.AbstractLanguageEndpoint.connect(LanguageEndpoint.xtend:60)
	at org.javacs.Main.run(Main.java:150)
	at org.javacs.Main.main(Main.java:69)

SEVERE	?	main	2016-10-16T14:02:22.388Z	org.javacs.Main$4#onError	Can't find configuration file for d:\Java2\作業\hw20161010\mvc\views\View.java
org.javacs.NoJavaConfigException: Can't find configuration file for d:\Java2\作業\hw20161010\mvc\views\View.java
	at org.javacs.JavaLanguageServer.lambda$findCompiler$21(JavaLanguageServer.java:479)
	at java.util.Optional.orElseThrow(Optional.java:290)
	at org.javacs.JavaLanguageServer.findCompiler(JavaLanguageServer.java:479)
	at org.javacs.JavaLanguageServer.autocomplete(JavaLanguageServer.java:1057)
	at org.javacs.JavaLanguageServer$1.completion(JavaLanguageServer.java:108)
	at io.typefox.lsapi.services.transport.server.LanguageServerEndpoint._doAccept(LanguageServerEndpoint.xtend:126)
	at io.typefox.lsapi.services.transport.server.LanguageServerEndpoint.doAccept(LanguageServerEndpoint.xtend:117)
	at io.typefox.lsapi.services.transport.server.LanguageServerEndpoint.accept(LanguageServerEndpoint.xtend:114)
	at io.typefox.lsapi.services.transport.server.LanguageServerEndpoint.accept(LanguageServerEndpoint.xtend)
	at io.typefox.lsapi.services.transport.AbstractLanguageEndpoint.handleMessage(LanguageEndpoint.xtend:67)
	at io.typefox.lsapi.services.transport.AbstractLanguageEndpoint.lambda$connect$4(LanguageEndpoint.xtend:61)
	at io.typefox.lsapi.services.json.StreamMessageReader$1.apply(StreamMessageReader.java:46)
	at io.typefox.lsapi.services.json.StreamMessageReader$1.apply(StreamMessageReader.java:44)
	at io.typefox.lsapi.services.json.StreamMessageReader.handleMessage(StreamMessageReader.xtend:128)
	at io.typefox.lsapi.services.json.StreamMessageReader.listen(StreamMessageReader.xtend:61)
	at io.typefox.lsapi.services.transport.AbstractLanguageEndpoint.connect(LanguageEndpoint.xtend:60)
	at org.javacs.Main.run(Main.java:150)
	at org.javacs.Main.main(Main.java:69)

INFO	?	main	2016-10-16T14:02:23.475Z	org.javacs.JavaLanguageServer#doLint	Lint [d:\Java2\作業\hw20161010\Main.java, d:\Java2\作業\hw20161010\mvc\controllers\Controller.java, d:\Java2\作業\hw20161010\mvc\views\View.java, d:\Java2\作業\hw20161010\mvc\models\Model.java]
